<?xml version="1.0" encoding="UTF-8"?>
<coverage generated="1761796926828" clover="3.2.0">
  <project timestamp="1761796926829" name="All files">
    <metrics statements="495" coveredstatements="253" conditionals="209" coveredconditionals="81" methods="68" coveredmethods="44" elements="772" coveredelements="378" complexity="0" loc="495" ncloc="495" packages="1" files="4" classes="4"/>
    <file name="DrawingCanvas.tsx" path="/home/shidou/pdfleyer/frontend/src/components/DrawingCanvas.tsx">
      <metrics statements="300" coveredstatements="91" conditionals="129" coveredconditionals="28" methods="37" coveredmethods="14"/>
      <line num="1" count="1" type="stmt"/>
      <line num="36" count="8" type="cond" truecount="0" falsecount="1"/>
      <line num="38" count="8" type="stmt"/>
      <line num="39" count="8" type="stmt"/>
      <line num="41" count="8" type="cond" truecount="3" falsecount="0"/>
      <line num="42" count="7" type="stmt"/>
      <line num="43" count="7" type="stmt"/>
      <line num="44" count="7" type="stmt"/>
      <line num="45" count="7" type="stmt"/>
      <line num="47" count="7" type="stmt"/>
      <line num="57" count="1" type="cond" truecount="1" falsecount="0"/>
      <line num="58" count="1" type="stmt"/>
      <line num="59" count="1" type="stmt"/>
      <line num="60" count="1" type="stmt"/>
      <line num="61" count="1" type="stmt"/>
      <line num="63" count="1" type="stmt"/>
      <line num="79" count="0" type="cond" truecount="0" falsecount="3"/>
      <line num="80" count="0" type="stmt"/>
      <line num="81" count="0" type="stmt"/>
      <line num="82" count="0" type="stmt"/>
      <line num="83" count="0" type="stmt"/>
      <line num="84" count="0" type="stmt"/>
      <line num="85" count="0" type="stmt"/>
      <line num="87" count="0" type="stmt"/>
      <line num="100" count="0" type="stmt"/>
      <line num="115" count="0" type="stmt"/>
      <line num="118" count="0" type="stmt"/>
      <line num="121" count="0" type="stmt"/>
      <line num="122" count="0" type="stmt"/>
      <line num="123" count="0" type="cond" truecount="0" falsecount="2"/>
      <line num="124" count="0" type="cond" truecount="0" falsecount="2"/>
      <line num="125" count="0" type="stmt"/>
      <line num="127" count="0" type="cond" truecount="0" falsecount="2"/>
      <line num="128" count="0" type="stmt"/>
      <line num="131" count="0" type="cond" truecount="0" falsecount="1"/>
      <line num="132" count="0" type="stmt"/>
      <line num="133" count="0" type="stmt"/>
      <line num="134" count="0" type="stmt"/>
      <line num="135" count="0" type="stmt"/>
      <line num="136" count="0" type="stmt"/>
      <line num="137" count="0" type="stmt"/>
      <line num="139" count="0" type="cond" truecount="0" falsecount="2"/>
      <line num="140" count="0" type="stmt"/>
      <line num="141" count="0" type="stmt"/>
      <line num="142" count="0" type="stmt"/>
      <line num="143" count="0" type="stmt"/>
      <line num="144" count="0" type="stmt"/>
      <line num="145" count="0" type="stmt"/>
      <line num="146" count="0" type="stmt"/>
      <line num="149" count="0" type="cond" truecount="0" falsecount="1"/>
      <line num="150" count="0" type="stmt"/>
      <line num="151" count="0" type="stmt"/>
      <line num="152" count="0" type="stmt"/>
      <line num="153" count="0" type="stmt"/>
      <line num="154" count="0" type="stmt"/>
      <line num="155" count="0" type="stmt"/>
      <line num="157" count="0" type="cond" truecount="0" falsecount="2"/>
      <line num="158" count="0" type="stmt"/>
      <line num="159" count="0" type="stmt"/>
      <line num="160" count="0" type="stmt"/>
      <line num="161" count="0" type="stmt"/>
      <line num="164" count="0" type="cond" truecount="0" falsecount="1"/>
      <line num="165" count="0" type="stmt"/>
      <line num="166" count="0" type="stmt"/>
      <line num="167" count="0" type="stmt"/>
      <line num="168" count="0" type="stmt"/>
      <line num="169" count="0" type="stmt"/>
      <line num="170" count="0" type="stmt"/>
      <line num="172" count="0" type="cond" truecount="0" falsecount="4"/>
      <line num="173" count="0" type="stmt"/>
      <line num="174" count="0" type="stmt"/>
      <line num="175" count="0" type="stmt"/>
      <line num="176" count="0" type="stmt"/>
      <line num="177" count="0" type="stmt"/>
      <line num="179" count="0" type="stmt"/>
      <line num="182" count="0" type="cond" truecount="0" falsecount="1"/>
      <line num="183" count="0" type="stmt"/>
      <line num="184" count="0" type="stmt"/>
      <line num="185" count="0" type="stmt"/>
      <line num="186" count="0" type="stmt"/>
      <line num="187" count="0" type="stmt"/>
      <line num="188" count="0" type="stmt"/>
      <line num="190" count="0" type="cond" truecount="0" falsecount="1"/>
      <line num="191" count="0" type="cond" truecount="0" falsecount="2"/>
      <line num="192" count="0" type="cond" truecount="0" falsecount="2"/>
      <line num="193" count="0" type="cond" truecount="0" falsecount="4"/>
      <line num="196" count="0" type="cond" truecount="0" falsecount="1"/>
      <line num="197" count="0" type="stmt"/>
      <line num="198" count="0" type="stmt"/>
      <line num="199" count="0" type="stmt"/>
      <line num="200" count="0" type="stmt"/>
      <line num="201" count="0" type="stmt"/>
      <line num="202" count="0" type="stmt"/>
      <line num="208" count="0" type="cond" truecount="0" falsecount="4"/>
      <line num="209" count="0" type="stmt"/>
      <line num="210" count="0" type="stmt"/>
      <line num="212" count="0" type="cond" truecount="0" falsecount="2"/>
      <line num="213" count="0" type="stmt"/>
      <line num="214" count="0" type="stmt"/>
      <line num="215" count="0" type="stmt"/>
      <line num="216" count="0" type="cond" truecount="0" falsecount="2"/>
      <line num="217" count="0" type="stmt"/>
      <line num="218" count="0" type="stmt"/>
      <line num="219" count="0" type="stmt"/>
      <line num="220" count="0" type="stmt"/>
      <line num="221" count="0" type="stmt"/>
      <line num="222" count="0" type="stmt"/>
      <line num="223" count="0" type="stmt"/>
      <line num="224" count="0" type="cond" truecount="0" falsecount="1"/>
      <line num="225" count="0" type="stmt"/>
      <line num="226" count="0" type="stmt"/>
      <line num="227" count="0" type="stmt"/>
      <line num="228" count="0" type="stmt"/>
      <line num="233" count="0" type="cond" truecount="0" falsecount="3"/>
      <line num="234" count="0" type="stmt"/>
      <line num="235" count="0" type="stmt"/>
      <line num="236" count="0" type="stmt"/>
      <line num="237" count="0" type="stmt"/>
      <line num="238" count="0" type="stmt"/>
      <line num="239" count="0" type="stmt"/>
      <line num="241" count="0" type="stmt"/>
      <line num="249" count="3" type="cond" truecount="4" falsecount="0"/>
      <line num="255" count="0" type="stmt"/>
      <line num="256" count="0" type="stmt"/>
      <line num="267" count="0" type="stmt"/>
      <line num="268" count="0" type="cond" truecount="0" falsecount="3"/>
      <line num="269" count="0" type="stmt"/>
      <line num="272" count="0" type="stmt"/>
      <line num="277" count="0" type="stmt"/>
      <line num="278" count="0" type="stmt"/>
      <line num="289" count="0" type="stmt"/>
      <line num="290" count="0" type="stmt"/>
      <line num="291" count="0" type="stmt"/>
      <line num="295" count="1" type="stmt"/>
      <line num="302" count="37" type="stmt"/>
      <line num="303" count="37" type="stmt"/>
      <line num="304" count="37" type="stmt"/>
      <line num="305" count="37" type="stmt"/>
      <line num="306" count="37" type="stmt"/>
      <line num="307" count="37" type="stmt"/>
      <line num="308" count="37" type="stmt"/>
      <line num="309" count="37" type="stmt"/>
      <line num="310" count="37" type="stmt"/>
      <line num="313" count="37" type="stmt"/>
      <line num="314" count="37" type="stmt"/>
      <line num="315" count="37" type="stmt"/>
      <line num="316" count="37" type="stmt"/>
      <line num="317" count="37" type="stmt"/>
      <line num="319" count="37" type="stmt"/>
      <line num="320" count="9" type="stmt"/>
      <line num="321" count="9" type="cond" truecount="0" falsecount="1"/>
      <line num="323" count="9" type="stmt"/>
      <line num="324" count="9" type="stmt"/>
      <line num="328" count="37" type="stmt"/>
      <line num="329" count="37" type="stmt"/>
      <line num="330" count="37" type="cond" truecount="0" falsecount="1"/>
      <line num="332" count="37" type="stmt"/>
      <line num="333" count="37" type="cond" truecount="1" falsecount="0"/>
      <line num="335" count="0" type="stmt"/>
      <line num="348" count="37" type="stmt"/>
      <line num="349" count="23" type="stmt"/>
      <line num="350" count="23" type="cond" truecount="0" falsecount="1"/>
      <line num="352" count="23" type="stmt"/>
      <line num="353" count="23" type="stmt"/>
      <line num="359" count="37" type="stmt"/>
      <line num="360" count="11" type="stmt"/>
      <line num="363" count="11" type="cond" truecount="1" falsecount="0"/>
      <line num="365" count="3" type="cond" truecount="0" falsecount="1"/>
      <line num="366" count="0" type="stmt"/>
      <line num="367" count="0" type="cond" truecount="0" falsecount="1"/>
      <line num="368" count="0" type="stmt"/>
      <line num="369" count="0" type="cond" truecount="0" falsecount="1"/>
      <line num="370" count="0" type="stmt"/>
      <line num="371" count="0" type="stmt"/>
      <line num="372" count="0" type="stmt"/>
      <line num="373" count="0" type="stmt"/>
      <line num="377" count="0" type="cond" truecount="0" falsecount="1"/>
      <line num="378" count="0" type="stmt"/>
      <line num="379" count="0" type="stmt"/>
      <line num="380" count="0" type="stmt"/>
      <line num="386" count="3" type="stmt"/>
      <line num="387" count="3" type="cond" truecount="1" falsecount="0"/>
      <line num="388" count="3" type="stmt"/>
      <line num="389" count="3" type="stmt"/>
      <line num="394" count="0" type="stmt"/>
      <line num="395" count="0" type="stmt"/>
      <line num="399" count="8" type="cond" truecount="0" falsecount="1"/>
      <line num="401" count="8" type="stmt"/>
      <line num="402" count="8" type="stmt"/>
      <line num="403" count="8" type="stmt"/>
      <line num="405" count="8" type="cond" truecount="0" falsecount="1"/>
      <line num="406" count="0" type="stmt"/>
      <line num="410" count="37" type="stmt"/>
      <line num="411" count="4" type="stmt"/>
      <line num="414" count="4" type="cond" truecount="1" falsecount="3"/>
      <line num="415" count="0" type="stmt"/>
      <line num="416" count="0" type="stmt"/>
      <line num="418" count="0" type="stmt"/>
      <line num="419" count="0" type="cond" truecount="0" falsecount="1"/>
      <line num="420" count="0" type="stmt"/>
      <line num="435" count="0" type="stmt"/>
      <line num="439" count="0" type="stmt"/>
      <line num="442" count="0" type="stmt"/>
      <line num="443" count="0" type="stmt"/>
      <line num="447" count="4" type="cond" truecount="1" falsecount="4"/>
      <line num="448" count="0" type="stmt"/>
      <line num="449" count="0" type="stmt"/>
      <line num="451" count="0" type="stmt"/>
      <line num="452" count="0" type="cond" truecount="0" falsecount="1"/>
      <line num="453" count="0" type="stmt"/>
      <line num="454" count="0" type="stmt"/>
      <line num="456" count="0" type="cond" truecount="0" falsecount="1"/>
      <line num="457" count="0" type="stmt"/>
      <line num="459" count="0" type="cond" truecount="0" falsecount="1"/>
      <line num="460" count="0" type="stmt"/>
      <line num="461" count="0" type="stmt"/>
      <line num="463" count="0" type="cond" truecount="0" falsecount="1"/>
      <line num="464" count="0" type="stmt"/>
      <line num="466" count="0" type="cond" truecount="0" falsecount="1"/>
      <line num="467" count="0" type="stmt"/>
      <line num="468" count="0" type="stmt"/>
      <line num="472" count="0" type="stmt"/>
      <line num="473" count="0" type="cond" truecount="0" falsecount="1"/>
      <line num="474" count="0" type="stmt"/>
      <line num="476" count="0" type="cond" truecount="0" falsecount="1"/>
      <line num="477" count="0" type="stmt"/>
      <line num="481" count="0" type="stmt"/>
      <line num="483" count="0" type="cond" truecount="0" falsecount="2"/>
      <line num="485" count="0" type="stmt"/>
      <line num="486" count="0" type="stmt"/>
      <line num="488" count="0" type="stmt"/>
      <line num="495" count="0" type="cond" truecount="0" falsecount="4"/>
      <line num="497" count="0" type="stmt"/>
      <line num="498" count="0" type="stmt"/>
      <line num="500" count="0" type="stmt"/>
      <line num="502" count="0" type="stmt"/>
      <line num="507" count="0" type="cond" truecount="0" falsecount="1"/>
      <line num="509" count="0" type="stmt"/>
      <line num="510" count="0" type="stmt"/>
      <line num="516" count="0" type="stmt"/>
      <line num="518" count="0" type="stmt"/>
      <line num="521" count="0" type="stmt"/>
      <line num="522" count="0" type="stmt"/>
      <line num="526" count="4" type="cond" truecount="3" falsecount="0"/>
      <line num="528" count="1" type="stmt"/>
      <line num="530" count="1" type="cond" truecount="0" falsecount="1"/>
      <line num="531" count="0" type="stmt"/>
      <line num="535" count="37" type="stmt"/>
      <line num="537" count="11" type="cond" truecount="0" falsecount="1"/>
      <line num="538" count="0" type="stmt"/>
      <line num="539" count="0" type="stmt"/>
      <line num="540" count="0" type="stmt"/>
      <line num="544" count="11" type="cond" truecount="0" falsecount="1"/>
      <line num="545" count="0" type="stmt"/>
      <line num="546" count="0" type="stmt"/>
      <line num="547" count="0" type="stmt"/>
      <line num="548" count="0" type="stmt"/>
      <line num="552" count="11" type="cond" truecount="3" falsecount="0"/>
      <line num="554" count="8" type="stmt"/>
      <line num="555" count="8" type="stmt"/>
      <line num="557" count="8" type="cond" truecount="1" falsecount="0"/>
      <line num="558" count="8" type="stmt"/>
      <line num="559" count="8" type="stmt"/>
      <line num="562" count="8" type="cond" truecount="0" falsecount="1"/>
      <line num="563" count="0" type="stmt"/>
      <line num="566" count="8" type="stmt"/>
      <line num="567" count="8" type="stmt"/>
      <line num="568" count="8" type="stmt"/>
      <line num="571" count="37" type="stmt"/>
      <line num="572" count="8" type="cond" truecount="1" falsecount="2"/>
      <line num="573" count="0" type="stmt"/>
      <line num="574" count="0" type="stmt"/>
      <line num="575" count="0" type="stmt"/>
      <line num="576" count="0" type="stmt"/>
      <line num="580" count="37" type="stmt"/>
      <line num="581" count="0" type="cond" truecount="0" falsecount="5"/>
      <line num="582" count="0" type="stmt"/>
      <line num="595" count="0" type="stmt"/>
      <line num="596" count="0" type="stmt"/>
      <line num="597" count="0" type="stmt"/>
      <line num="598" count="0" type="stmt"/>
      <line num="599" count="0" type="stmt"/>
      <line num="600" count="0" type="cond" truecount="0" falsecount="1"/>
      <line num="601" count="0" type="stmt"/>
      <line num="602" count="0" type="stmt"/>
      <line num="603" count="0" type="stmt"/>
      <line num="607" count="37" type="stmt"/>
      <line num="608" count="0" type="cond" truecount="0" falsecount="1"/>
      <line num="609" count="0" type="stmt"/>
      <line num="610" count="0" type="stmt"/>
      <line num="615" count="37" type="stmt"/>
      <line num="616" count="12" type="stmt"/>
      <line num="617" count="2" type="cond" truecount="2" falsecount="1"/>
      <line num="618" count="0" type="stmt"/>
      <line num="619" count="0" type="stmt"/>
      <line num="623" count="12" type="stmt"/>
      <line num="624" count="12" type="stmt"/>
      <line num="627" count="37" type="stmt"/>
      <line num="647" count="0" type="stmt"/>
      <line num="689" count="1" type="stmt"/>
    </file>
    <file name="DrawingOverlay.tsx" path="/home/shidou/pdfleyer/frontend/src/components/DrawingOverlay.tsx">
      <metrics statements="131" coveredstatements="99" conditionals="59" coveredconditionals="40" methods="18" coveredmethods="17"/>
      <line num="1" count="1" type="stmt"/>
      <line num="46" count="4" type="cond" truecount="0" falsecount="1"/>
      <line num="48" count="4" type="stmt"/>
      <line num="49" count="4" type="stmt"/>
      <line num="51" count="4" type="cond" truecount="3" falsecount="0"/>
      <line num="52" count="2" type="stmt"/>
      <line num="53" count="2" type="stmt"/>
      <line num="54" count="2" type="stmt"/>
      <line num="55" count="2" type="stmt"/>
      <line num="57" count="2" type="stmt"/>
      <line num="67" count="2" type="cond" truecount="1" falsecount="0"/>
      <line num="68" count="1" type="stmt"/>
      <line num="69" count="1" type="stmt"/>
      <line num="70" count="1" type="stmt"/>
      <line num="71" count="1" type="stmt"/>
      <line num="73" count="1" type="stmt"/>
      <line num="89" count="1" type="cond" truecount="3" falsecount="0"/>
      <line num="90" count="4" type="stmt"/>
      <line num="91" count="4" type="stmt"/>
      <line num="92" count="1" type="stmt"/>
      <line num="93" count="1" type="stmt"/>
      <line num="94" count="1" type="stmt"/>
      <line num="95" count="1" type="stmt"/>
      <line num="97" count="1" type="stmt"/>
      <line num="110" count="0" type="stmt"/>
      <line num="115" count="0" type="stmt"/>
      <line num="118" count="0" type="stmt"/>
      <line num="121" count="0" type="cond" truecount="0" falsecount="4"/>
      <line num="122" count="0" type="stmt"/>
      <line num="123" count="0" type="stmt"/>
      <line num="125" count="0" type="cond" truecount="0" falsecount="2"/>
      <line num="126" count="0" type="stmt"/>
      <line num="127" count="0" type="stmt"/>
      <line num="128" count="0" type="stmt"/>
      <line num="129" count="0" type="cond" truecount="0" falsecount="2"/>
      <line num="130" count="0" type="stmt"/>
      <line num="131" count="0" type="stmt"/>
      <line num="132" count="0" type="stmt"/>
      <line num="133" count="0" type="stmt"/>
      <line num="134" count="0" type="stmt"/>
      <line num="135" count="0" type="stmt"/>
      <line num="136" count="0" type="stmt"/>
      <line num="137" count="0" type="cond" truecount="0" falsecount="1"/>
      <line num="138" count="0" type="stmt"/>
      <line num="139" count="0" type="stmt"/>
      <line num="140" count="0" type="stmt"/>
      <line num="141" count="0" type="stmt"/>
      <line num="146" count="0" type="cond" truecount="0" falsecount="3"/>
      <line num="147" count="0" type="stmt"/>
      <line num="148" count="0" type="stmt"/>
      <line num="149" count="0" type="stmt"/>
      <line num="150" count="0" type="stmt"/>
      <line num="151" count="0" type="stmt"/>
      <line num="152" count="0" type="stmt"/>
      <line num="154" count="0" type="stmt"/>
      <line num="158" count="1" type="stmt"/>
      <line num="165" count="47" type="stmt"/>
      <line num="166" count="47" type="stmt"/>
      <line num="167" count="47" type="stmt"/>
      <line num="168" count="47" type="stmt"/>
      <line num="169" count="47" type="stmt"/>
      <line num="170" count="47" type="stmt"/>
      <line num="171" count="47" type="stmt"/>
      <line num="172" count="47" type="stmt"/>
      <line num="173" count="47" type="stmt"/>
      <line num="175" count="47" type="stmt"/>
      <line num="176" count="14" type="stmt"/>
      <line num="177" count="14" type="cond" truecount="0" falsecount="1"/>
      <line num="179" count="14" type="stmt"/>
      <line num="180" count="14" type="stmt"/>
      <line num="184" count="47" type="stmt"/>
      <line num="185" count="41" type="stmt"/>
      <line num="186" count="41" type="cond" truecount="0" falsecount="1"/>
      <line num="188" count="41" type="stmt"/>
      <line num="189" count="41" type="cond" truecount="1" falsecount="0"/>
      <line num="191" count="0" type="stmt"/>
      <line num="202" count="47" type="stmt"/>
      <line num="203" count="16" type="stmt"/>
      <line num="204" count="16" type="cond" truecount="0" falsecount="1"/>
      <line num="206" count="16" type="stmt"/>
      <line num="207" count="16" type="stmt"/>
      <line num="213" count="47" type="stmt"/>
      <line num="214" count="4" type="cond" truecount="2" falsecount="1"/>
      <line num="216" count="4" type="stmt"/>
      <line num="217" count="4" type="stmt"/>
      <line num="218" count="4" type="stmt"/>
      <line num="219" count="4" type="stmt"/>
      <line num="221" count="4" type="cond" truecount="1" falsecount="0"/>
      <line num="222" count="1" type="stmt"/>
      <line num="226" count="47" type="stmt"/>
      <line num="227" count="6" type="cond" truecount="2" falsecount="1"/>
      <line num="229" count="6" type="stmt"/>
      <line num="230" count="6" type="stmt"/>
      <line num="232" count="6" type="cond" truecount="1" falsecount="0"/>
      <line num="233" count="3" type="stmt"/>
      <line num="237" count="47" type="stmt"/>
      <line num="238" count="4" type="cond" truecount="2" falsecount="1"/>
      <line num="240" count="4" type="stmt"/>
      <line num="241" count="4" type="stmt"/>
      <line num="243" count="4" type="cond" truecount="1" falsecount="0"/>
      <line num="244" count="4" type="stmt"/>
      <line num="247" count="4" type="cond" truecount="1" falsecount="0"/>
      <line num="248" count="1" type="stmt"/>
      <line num="251" count="4" type="stmt"/>
      <line num="252" count="4" type="stmt"/>
      <line num="253" count="4" type="stmt"/>
      <line num="256" count="47" type="stmt"/>
      <line num="257" count="2" type="cond" truecount="3" falsecount="0"/>
      <line num="258" count="2" type="stmt"/>
      <line num="259" count="2" type="stmt"/>
      <line num="260" count="2" type="stmt"/>
      <line num="261" count="2" type="stmt"/>
      <line num="265" count="47" type="stmt"/>
      <line num="266" count="2" type="cond" truecount="5" falsecount="0"/>
      <line num="267" count="1" type="stmt"/>
      <line num="280" count="1" type="stmt"/>
      <line num="281" count="1" type="stmt"/>
      <line num="282" count="1" type="stmt"/>
      <line num="283" count="1" type="stmt"/>
      <line num="284" count="1" type="cond" truecount="1" falsecount="0"/>
      <line num="285" count="1" type="stmt"/>
      <line num="286" count="1" type="stmt"/>
      <line num="287" count="1" type="stmt"/>
      <line num="291" count="47" type="stmt"/>
      <line num="292" count="13" type="stmt"/>
      <line num="295" count="47" type="stmt"/>
      <line num="296" count="235" type="stmt"/>
      <line num="299" count="13" type="stmt"/>
      <line num="313" count="47" type="stmt"/>
      <line num="352" count="2" type="stmt"/>
      <line num="372" count="1" type="stmt"/>
    </file>
    <file name="PdfPagination.tsx" path="/home/shidou/pdfleyer/frontend/src/components/PdfPagination.tsx">
      <metrics statements="15" coveredstatements="15" conditionals="1" coveredconditionals="0" methods="5" coveredmethods="5"/>
      <line num="1" count="1" type="stmt"/>
      <line num="9" count="1" type="cond" truecount="0" falsecount="1"/>
      <line num="10" count="4" type="stmt"/>
      <line num="12" count="4" type="stmt"/>
      <line num="13" count="1" type="stmt"/>
      <line num="14" count="1" type="stmt"/>
      <line num="15" count="1" type="stmt"/>
      <line num="16" count="1" type="stmt"/>
      <line num="20" count="4" type="stmt"/>
      <line num="21" count="1" type="stmt"/>
      <line num="22" count="1" type="stmt"/>
      <line num="23" count="1" type="stmt"/>
      <line num="24" count="1" type="stmt"/>
      <line num="28" count="4" type="stmt"/>
      <line num="41" count="1" type="stmt"/>
    </file>
    <file name="PdfViewer.tsx" path="/home/shidou/pdfleyer/frontend/src/components/PdfViewer.tsx">
      <metrics statements="49" coveredstatements="48" conditionals="20" coveredconditionals="13" methods="8" coveredmethods="8"/>
      <line num="1" count="1" type="stmt"/>
      <line num="9" count="1" type="cond" truecount="1" falsecount="0"/>
      <line num="10" count="19" type="stmt"/>
      <line num="11" count="19" type="stmt"/>
      <line num="12" count="19" type="stmt"/>
      <line num="13" count="19" type="stmt"/>
      <line num="16" count="19" type="stmt"/>
      <line num="17" count="8" type="stmt"/>
      <line num="20" count="8" type="stmt"/>
      <line num="21" count="8" type="stmt"/>
      <line num="22" count="8" type="stmt"/>
      <line num="23" count="8" type="stmt"/>
      <line num="25" count="16" type="stmt"/>
      <line num="28" count="8" type="stmt"/>
      <line num="30" count="8" type="stmt"/>
      <line num="31" count="8" type="stmt"/>
      <line num="32" count="4" type="cond" truecount="0" falsecount="1"/>
      <line num="34" count="4" type="stmt"/>
      <line num="35" count="4" type="stmt"/>
      <line num="36" count="4" type="stmt"/>
      <line num="38" count="4" type="cond" truecount="0" falsecount="1"/>
      <line num="39" count="4" type="cond" truecount="1" falsecount="1"/>
      <line num="40" count="4" type="stmt"/>
      <line num="41" count="4" type="stmt"/>
      <line num="45" count="8" type="stmt"/>
      <line num="47" count="8" type="stmt"/>
      <line num="48" count="8" type="stmt"/>
      <line num="53" count="19" type="stmt"/>
      <line num="54" count="12" type="stmt"/>
      <line num="57" count="12" type="cond" truecount="1" falsecount="0"/>
      <line num="59" count="4" type="stmt"/>
      <line num="60" count="4" type="stmt"/>
      <line num="61" count="3" type="cond" truecount="0" falsecount="1"/>
      <line num="63" count="3" type="stmt"/>
      <line num="64" count="3" type="stmt"/>
      <line num="65" count="3" type="cond" truecount="0" falsecount="1"/>
      <line num="67" count="3" type="stmt"/>
      <line num="68" count="3" type="stmt"/>
      <line num="69" count="3" type="stmt"/>
      <line num="70" count="3" type="cond" truecount="1" falsecount="0"/>
      <line num="72" count="0" type="stmt"/>
      <line num="74" count="4" type="cond" truecount="0" falsecount="1"/>
      <line num="75" count="4" type="cond" truecount="1" falsecount="1"/>
      <line num="76" count="4" type="stmt"/>
      <line num="80" count="12" type="stmt"/>
      <line num="82" count="12" type="stmt"/>
      <line num="83" count="12" type="stmt"/>
      <line num="87" count="19" type="stmt"/>
      <line num="96" count="1" type="stmt"/>
    </file>
  </project>
</coverage>
