{"/home/shidou/pdfleyer/frontend/src/components/DrawingCanvas.tsx": {"path":"/home/shidou/pdfleyer/frontend/src/components/DrawingCanvas.tsx","statementMap":{"0":{"start":{"line":1,"column":0},"end":{"line":1,"column":59}},"1":{"start":{"line":36,"column":2},"end":{"line":36,"column":25}},"2":{"start":{"line":36,"column":13},"end":{"line":36,"column":25}},"3":{"start":{"line":38,"column":20},"end":{"line":38,"column":30}},"4":{"start":{"line":39,"column":20},"end":{"line":39,"column":56}},"5":{"start":{"line":41,"column":2},"end":{"line":55,"column":3}},"6":{"start":{"line":42,"column":14},"end":{"line":42,"column":38}},"7":{"start":{"line":43,"column":14},"end":{"line":43,"column":38}},"8":{"start":{"line":44,"column":14},"end":{"line":44,"column":39}},"9":{"start":{"line":45,"column":14},"end":{"line":45,"column":39}},"10":{"start":{"line":47,"column":4},"end":{"line":54,"column":6}},"11":{"start":{"line":57,"column":2},"end":{"line":77,"column":3}},"12":{"start":{"line":58,"column":14},"end":{"line":58,"column":38}},"13":{"start":{"line":59,"column":14},"end":{"line":59,"column":38}},"14":{"start":{"line":60,"column":14},"end":{"line":60,"column":39}},"15":{"start":{"line":61,"column":14},"end":{"line":61,"column":39}},"16":{"start":{"line":63,"column":4},"end":{"line":76,"column":6}},"17":{"start":{"line":79,"column":2},"end":{"line":98,"column":3}},"18":{"start":{"line":80,"column":15},"end":{"line":80,"column":35}},"19":{"start":{"line":80,"column":31},"end":{"line":80,"column":34}},"20":{"start":{"line":81,"column":15},"end":{"line":81,"column":35}},"21":{"start":{"line":81,"column":31},"end":{"line":81,"column":34}},"22":{"start":{"line":82,"column":14},"end":{"line":82,"column":29}},"23":{"start":{"line":83,"column":14},"end":{"line":83,"column":29}},"24":{"start":{"line":84,"column":14},"end":{"line":84,"column":33}},"25":{"start":{"line":85,"column":14},"end":{"line":85,"column":33}},"26":{"start":{"line":87,"column":4},"end":{"line":97,"column":6}},"27":{"start":{"line":100,"column":2},"end":{"line":100,"column":14}},"28":{"start":{"line":115,"column":132},"end":{"line":115,"column":138}},"29":{"start":{"line":118,"column":2},"end":{"line":118,"column":37}},"30":{"start":{"line":121,"column":2},"end":{"line":205,"column":5}},"31":{"start":{"line":122,"column":23},"end":{"line":122,"column":54}},"32":{"start":{"line":123,"column":4},"end":{"line":123,"column":56}},"33":{"start":{"line":124,"column":4},"end":{"line":124,"column":52}},"34":{"start":{"line":125,"column":4},"end":{"line":125,"column":34}},"35":{"start":{"line":127,"column":4},"end":{"line":204,"column":5}},"36":{"start":{"line":128,"column":6},"end":{"line":128,"column":69}},"37":{"start":{"line":131,"column":6},"end":{"line":138,"column":7}},"38":{"start":{"line":132,"column":8},"end":{"line":132,"column":36}},"39":{"start":{"line":133,"column":8},"end":{"line":133,"column":26}},"40":{"start":{"line":134,"column":8},"end":{"line":134,"column":32}},"41":{"start":{"line":135,"column":8},"end":{"line":135,"column":87}},"42":{"start":{"line":136,"column":8},"end":{"line":136,"column":28}},"43":{"start":{"line":137,"column":8},"end":{"line":137,"column":41}},"44":{"start":{"line":139,"column":11},"end":{"line":204,"column":5}},"45":{"start":{"line":140,"column":22},"end":{"line":140,"column":49}},"46":{"start":{"line":141,"column":22},"end":{"line":141,"column":49}},"47":{"start":{"line":142,"column":22},"end":{"line":142,"column":36}},"48":{"start":{"line":143,"column":22},"end":{"line":143,"column":36}},"49":{"start":{"line":144,"column":6},"end":{"line":144,"column":22}},"50":{"start":{"line":145,"column":6},"end":{"line":145,"column":73}},"51":{"start":{"line":146,"column":6},"end":{"line":146,"column":19}},"52":{"start":{"line":149,"column":6},"end":{"line":156,"column":7}},"53":{"start":{"line":150,"column":8},"end":{"line":150,"column":36}},"54":{"start":{"line":151,"column":8},"end":{"line":151,"column":26}},"55":{"start":{"line":152,"column":8},"end":{"line":152,"column":32}},"56":{"start":{"line":153,"column":8},"end":{"line":153,"column":87}},"57":{"start":{"line":154,"column":8},"end":{"line":154,"column":28}},"58":{"start":{"line":155,"column":8},"end":{"line":155,"column":41}},"59":{"start":{"line":157,"column":11},"end":{"line":204,"column":5}},"60":{"start":{"line":158,"column":6},"end":{"line":158,"column":22}},"61":{"start":{"line":159,"column":6},"end":{"line":159,"column":63}},"62":{"start":{"line":160,"column":6},"end":{"line":160,"column":59}},"63":{"start":{"line":161,"column":6},"end":{"line":161,"column":19}},"64":{"start":{"line":164,"column":6},"end":{"line":171,"column":7}},"65":{"start":{"line":165,"column":8},"end":{"line":165,"column":36}},"66":{"start":{"line":166,"column":8},"end":{"line":166,"column":26}},"67":{"start":{"line":167,"column":8},"end":{"line":167,"column":32}},"68":{"start":{"line":168,"column":8},"end":{"line":168,"column":87}},"69":{"start":{"line":169,"column":8},"end":{"line":169,"column":28}},"70":{"start":{"line":170,"column":8},"end":{"line":170,"column":41}},"71":{"start":{"line":172,"column":11},"end":{"line":204,"column":5}},"72":{"start":{"line":173,"column":18},"end":{"line":173,"column":39}},"73":{"start":{"line":174,"column":6},"end":{"line":174,"column":22}},"74":{"start":{"line":175,"column":6},"end":{"line":175,"column":37}},"75":{"start":{"line":176,"column":6},"end":{"line":178,"column":7}},"76":{"start":{"line":176,"column":19},"end":{"line":176,"column":20}},"77":{"start":{"line":177,"column":8},"end":{"line":177,"column":39}},"78":{"start":{"line":179,"column":6},"end":{"line":179,"column":19}},"79":{"start":{"line":182,"column":6},"end":{"line":189,"column":7}},"80":{"start":{"line":183,"column":8},"end":{"line":183,"column":36}},"81":{"start":{"line":184,"column":8},"end":{"line":184,"column":26}},"82":{"start":{"line":185,"column":8},"end":{"line":185,"column":32}},"83":{"start":{"line":186,"column":8},"end":{"line":186,"column":87}},"84":{"start":{"line":187,"column":8},"end":{"line":187,"column":28}},"85":{"start":{"line":188,"column":8},"end":{"line":188,"column":41}},"86":{"start":{"line":190,"column":11},"end":{"line":204,"column":5}},"87":{"start":{"line":191,"column":6},"end":{"line":191,"column":60}},"88":{"start":{"line":192,"column":6},"end":{"line":192,"column":56}},"89":{"start":{"line":193,"column":6},"end":{"line":193,"column":104}},"90":{"start":{"line":196,"column":6},"end":{"line":203,"column":7}},"91":{"start":{"line":197,"column":8},"end":{"line":197,"column":36}},"92":{"start":{"line":198,"column":8},"end":{"line":198,"column":26}},"93":{"start":{"line":199,"column":8},"end":{"line":199,"column":32}},"94":{"start":{"line":200,"column":8},"end":{"line":200,"column":87}},"95":{"start":{"line":201,"column":8},"end":{"line":201,"column":28}},"96":{"start":{"line":202,"column":8},"end":{"line":202,"column":41}},"97":{"start":{"line":208,"column":2},"end":{"line":230,"column":3}},"98":{"start":{"line":209,"column":4},"end":{"line":209,"column":32}},"99":{"start":{"line":210,"column":4},"end":{"line":210,"column":22}},"100":{"start":{"line":212,"column":4},"end":{"line":229,"column":5}},"101":{"start":{"line":213,"column":16},"end":{"line":213,"column":45}},"102":{"start":{"line":214,"column":16},"end":{"line":214,"column":45}},"103":{"start":{"line":215,"column":6},"end":{"line":215,"column":55}},"104":{"start":{"line":216,"column":11},"end":{"line":229,"column":5}},"105":{"start":{"line":217,"column":22},"end":{"line":217,"column":57}},"106":{"start":{"line":218,"column":22},"end":{"line":218,"column":57}},"107":{"start":{"line":219,"column":22},"end":{"line":219,"column":65}},"108":{"start":{"line":220,"column":22},"end":{"line":220,"column":65}},"109":{"start":{"line":221,"column":6},"end":{"line":221,"column":22}},"110":{"start":{"line":222,"column":6},"end":{"line":222,"column":73}},"111":{"start":{"line":223,"column":6},"end":{"line":223,"column":19}},"112":{"start":{"line":224,"column":11},"end":{"line":229,"column":5}},"113":{"start":{"line":225,"column":6},"end":{"line":225,"column":22}},"114":{"start":{"line":226,"column":6},"end":{"line":226,"column":45}},"115":{"start":{"line":227,"column":6},"end":{"line":227,"column":49}},"116":{"start":{"line":228,"column":6},"end":{"line":228,"column":19}},"117":{"start":{"line":233,"column":2},"end":{"line":242,"column":3}},"118":{"start":{"line":234,"column":4},"end":{"line":234,"column":32}},"119":{"start":{"line":235,"column":4},"end":{"line":235,"column":22}},"120":{"start":{"line":236,"column":4},"end":{"line":236,"column":20}},"121":{"start":{"line":237,"column":4},"end":{"line":237,"column":49}},"122":{"start":{"line":238,"column":4},"end":{"line":240,"column":5}},"123":{"start":{"line":238,"column":17},"end":{"line":238,"column":18}},"124":{"start":{"line":239,"column":6},"end":{"line":239,"column":51}},"125":{"start":{"line":241,"column":4},"end":{"line":241,"column":17}},"126":{"start":{"line":249,"column":2},"end":{"line":250,"column":57}},"127":{"start":{"line":255,"column":21},"end":{"line":255,"column":22}},"128":{"start":{"line":256,"column":18},"end":{"line":265,"column":4}},"129":{"start":{"line":267,"column":2},"end":{"line":271,"column":3}},"130":{"start":{"line":268,"column":4},"end":{"line":270,"column":5}},"131":{"start":{"line":269,"column":6},"end":{"line":269,"column":33}},"132":{"start":{"line":272,"column":2},"end":{"line":272,"column":14}},"133":{"start":{"line":277,"column":21},"end":{"line":277,"column":22}},"134":{"start":{"line":278,"column":18},"end":{"line":287,"column":4}},"135":{"start":{"line":289,"column":2},"end":{"line":289,"column":28}},"136":{"start":{"line":290,"column":2},"end":{"line":292,"column":5}},"137":{"start":{"line":291,"column":4},"end":{"line":291,"column":95}},"138":{"start":{"line":295,"column":59},"end":{"line":687,"column":1}},"139":{"start":{"line":302,"column":20},"end":{"line":302,"column":51}},"140":{"start":{"line":303,"column":36},"end":{"line":303,"column":51}},"141":{"start":{"line":304,"column":38},"end":{"line":304,"column":66}},"142":{"start":{"line":305,"column":42},"end":{"line":305,"column":70}},"143":{"start":{"line":306,"column":38},"end":{"line":306,"column":59}},"144":{"start":{"line":307,"column":44},"end":{"line":307,"column":59}},"145":{"start":{"line":308,"column":42},"end":{"line":308,"column":70}},"146":{"start":{"line":309,"column":36},"end":{"line":309,"column":48}},"147":{"start":{"line":310,"column":52},"end":{"line":310,"column":78}},"148":{"start":{"line":313,"column":58},"end":{"line":313,"column":87}},"149":{"start":{"line":314,"column":34},"end":{"line":314,"column":49}},"150":{"start":{"line":315,"column":38},"end":{"line":315,"column":53}},"151":{"start":{"line":316,"column":42},"end":{"line":316,"column":70}},"152":{"start":{"line":317,"column":46},"end":{"line":317,"column":74}},"153":{"start":{"line":319,"column":2},"end":{"line":325,"column":22}},"154":{"start":{"line":320,"column":19},"end":{"line":320,"column":36}},"155":{"start":{"line":321,"column":4},"end":{"line":321,"column":24}},"156":{"start":{"line":321,"column":17},"end":{"line":321,"column":24}},"157":{"start":{"line":323,"column":4},"end":{"line":323,"column":25}},"158":{"start":{"line":324,"column":4},"end":{"line":324,"column":27}},"159":{"start":{"line":328,"column":2},"end":{"line":346,"column":126}},"160":{"start":{"line":329,"column":19},"end":{"line":329,"column":36}},"161":{"start":{"line":330,"column":4},"end":{"line":330,"column":24}},"162":{"start":{"line":330,"column":17},"end":{"line":330,"column":24}},"163":{"start":{"line":332,"column":16},"end":{"line":332,"column":39}},"164":{"start":{"line":333,"column":4},"end":{"line":333,"column":21}},"165":{"start":{"line":333,"column":14},"end":{"line":333,"column":21}},"166":{"start":{"line":335,"column":4},"end":{"line":345,"column":7}},"167":{"start":{"line":348,"column":31},"end":{"line":357,"column":3}},"168":{"start":{"line":349,"column":19},"end":{"line":349,"column":36}},"169":{"start":{"line":350,"column":4},"end":{"line":350,"column":39}},"170":{"start":{"line":350,"column":17},"end":{"line":350,"column":39}},"171":{"start":{"line":352,"column":17},"end":{"line":352,"column":47}},"172":{"start":{"line":353,"column":4},"end":{"line":356,"column":6}},"173":{"start":{"line":359,"column":26},"end":{"line":408,"column":3}},"174":{"start":{"line":360,"column":18},"end":{"line":360,"column":41}},"175":{"start":{"line":363,"column":4},"end":{"line":396,"column":5}},"176":{"start":{"line":365,"column":6},"end":{"line":383,"column":7}},"177":{"start":{"line":366,"column":28},"end":{"line":366,"column":90}},"178":{"start":{"line":366,"column":58},"end":{"line":366,"column":89}},"179":{"start":{"line":367,"column":8},"end":{"line":382,"column":9}},"180":{"start":{"line":368,"column":25},"end":{"line":368,"column":72}},"181":{"start":{"line":369,"column":10},"end":{"line":374,"column":11}},"182":{"start":{"line":370,"column":12},"end":{"line":370,"column":32}},"183":{"start":{"line":371,"column":12},"end":{"line":371,"column":36}},"184":{"start":{"line":372,"column":12},"end":{"line":372,"column":33}},"185":{"start":{"line":373,"column":12},"end":{"line":373,"column":19}},"186":{"start":{"line":377,"column":10},"end":{"line":381,"column":11}},"187":{"start":{"line":378,"column":12},"end":{"line":378,"column":30}},"188":{"start":{"line":379,"column":12},"end":{"line":379,"column":37}},"189":{"start":{"line":380,"column":12},"end":{"line":380,"column":19}},"190":{"start":{"line":386,"column":6},"end":{"line":391,"column":7}},"191":{"start":{"line":386,"column":19},"end":{"line":386,"column":47}},"192":{"start":{"line":387,"column":8},"end":{"line":390,"column":9}},"193":{"start":{"line":388,"column":10},"end":{"line":388,"column":59}},"194":{"start":{"line":389,"column":10},"end":{"line":389,"column":17}},"195":{"start":{"line":394,"column":6},"end":{"line":394,"column":36}},"196":{"start":{"line":395,"column":6},"end":{"line":395,"column":13}},"197":{"start":{"line":399,"column":4},"end":{"line":399,"column":40}},"198":{"start":{"line":399,"column":33},"end":{"line":399,"column":40}},"199":{"start":{"line":401,"column":4},"end":{"line":401,"column":23}},"200":{"start":{"line":402,"column":4},"end":{"line":402,"column":25}},"201":{"start":{"line":403,"column":4},"end":{"line":403,"column":27}},"202":{"start":{"line":405,"column":4},"end":{"line":407,"column":5}},"203":{"start":{"line":406,"column":6},"end":{"line":406,"column":29}},"204":{"start":{"line":410,"column":26},"end":{"line":533,"column":3}},"205":{"start":{"line":411,"column":18},"end":{"line":411,"column":41}},"206":{"start":{"line":414,"column":4},"end":{"line":444,"column":5}},"207":{"start":{"line":415,"column":17},"end":{"line":415,"column":43}},"208":{"start":{"line":416,"column":17},"end":{"line":416,"column":43}},"209":{"start":{"line":418,"column":6},"end":{"line":440,"column":10}},"210":{"start":{"line":418,"column":35},"end":{"line":440,"column":8}},"211":{"start":{"line":419,"column":8},"end":{"line":438,"column":9}},"212":{"start":{"line":420,"column":10},"end":{"line":437,"column":12}},"213":{"start":{"line":435,"column":63},"end":{"line":435,"column":91}},"214":{"start":{"line":439,"column":8},"end":{"line":439,"column":19}},"215":{"start":{"line":442,"column":6},"end":{"line":442,"column":31}},"216":{"start":{"line":443,"column":6},"end":{"line":443,"column":13}},"217":{"start":{"line":447,"column":4},"end":{"line":523,"column":5}},"218":{"start":{"line":448,"column":17},"end":{"line":448,"column":39}},"219":{"start":{"line":449,"column":17},"end":{"line":449,"column":39}},"220":{"start":{"line":451,"column":6},"end":{"line":519,"column":10}},"221":{"start":{"line":451,"column":35},"end":{"line":519,"column":8}},"222":{"start":{"line":452,"column":8},"end":{"line":517,"column":9}},"223":{"start":{"line":453,"column":26},"end":{"line":453,"column":34}},"224":{"start":{"line":454,"column":24},"end":{"line":454,"column":38}},"225":{"start":{"line":456,"column":10},"end":{"line":458,"column":11}},"226":{"start":{"line":457,"column":12},"end":{"line":457,"column":28}},"227":{"start":{"line":459,"column":10},"end":{"line":462,"column":11}},"228":{"start":{"line":460,"column":12},"end":{"line":460,"column":28}},"229":{"start":{"line":461,"column":12},"end":{"line":461,"column":28}},"230":{"start":{"line":463,"column":10},"end":{"line":465,"column":11}},"231":{"start":{"line":464,"column":12},"end":{"line":464,"column":28}},"232":{"start":{"line":466,"column":10},"end":{"line":469,"column":11}},"233":{"start":{"line":467,"column":12},"end":{"line":467,"column":28}},"234":{"start":{"line":468,"column":12},"end":{"line":468,"column":28}},"235":{"start":{"line":472,"column":26},"end":{"line":472,"column":27}},"236":{"start":{"line":473,"column":10},"end":{"line":475,"column":11}},"237":{"start":{"line":474,"column":12},"end":{"line":474,"column":32}},"238":{"start":{"line":476,"column":10},"end":{"line":478,"column":11}},"239":{"start":{"line":477,"column":12},"end":{"line":477,"column":32}},"240":{"start":{"line":481,"column":30},"end":{"line":481,"column":51}},"241":{"start":{"line":483,"column":10},"end":{"line":514,"column":11}},"242":{"start":{"line":485,"column":27},"end":{"line":485,"column":48}},"243":{"start":{"line":486,"column":27},"end":{"line":486,"column":48}},"244":{"start":{"line":488,"column":12},"end":{"line":494,"column":14}},"245":{"start":{"line":495,"column":17},"end":{"line":514,"column":11}},"246":{"start":{"line":497,"column":27},"end":{"line":497,"column":48}},"247":{"start":{"line":498,"column":27},"end":{"line":498,"column":48}},"248":{"start":{"line":500,"column":12},"end":{"line":506,"column":14}},"249":{"start":{"line":502,"column":63},"end":{"line":505,"column":16}},"250":{"start":{"line":507,"column":17},"end":{"line":514,"column":11}},"251":{"start":{"line":509,"column":26},"end":{"line":509,"column":80}},"252":{"start":{"line":510,"column":12},"end":{"line":513,"column":14}},"253":{"start":{"line":516,"column":10},"end":{"line":516,"column":70}},"254":{"start":{"line":518,"column":8},"end":{"line":518,"column":19}},"255":{"start":{"line":521,"column":6},"end":{"line":521,"column":27}},"256":{"start":{"line":522,"column":6},"end":{"line":522,"column":13}},"257":{"start":{"line":526,"column":4},"end":{"line":526,"column":44}},"258":{"start":{"line":526,"column":37},"end":{"line":526,"column":44}},"259":{"start":{"line":528,"column":4},"end":{"line":528,"column":27}},"260":{"start":{"line":530,"column":4},"end":{"line":532,"column":5}},"261":{"start":{"line":531,"column":6},"end":{"line":531,"column":46}},"262":{"start":{"line":531,"column":28},"end":{"line":531,"column":44}},"263":{"start":{"line":535,"column":24},"end":{"line":569,"column":3}},"264":{"start":{"line":537,"column":4},"end":{"line":541,"column":5}},"265":{"start":{"line":538,"column":6},"end":{"line":538,"column":25}},"266":{"start":{"line":539,"column":6},"end":{"line":539,"column":30}},"267":{"start":{"line":540,"column":6},"end":{"line":540,"column":13}},"268":{"start":{"line":544,"column":4},"end":{"line":549,"column":5}},"269":{"start":{"line":545,"column":6},"end":{"line":545,"column":27}},"270":{"start":{"line":546,"column":6},"end":{"line":546,"column":28}},"271":{"start":{"line":547,"column":6},"end":{"line":547,"column":26}},"272":{"start":{"line":548,"column":6},"end":{"line":548,"column":13}},"273":{"start":{"line":552,"column":4},"end":{"line":552,"column":42}},"274":{"start":{"line":552,"column":35},"end":{"line":552,"column":42}},"275":{"start":{"line":554,"column":18},"end":{"line":554,"column":41}},"276":{"start":{"line":555,"column":23},"end":{"line":555,"column":90}},"277":{"start":{"line":557,"column":4},"end":{"line":560,"column":5}},"278":{"start":{"line":558,"column":6},"end":{"line":558,"column":58}},"279":{"start":{"line":558,"column":35},"end":{"line":558,"column":56}},"280":{"start":{"line":559,"column":6},"end":{"line":559,"column":39}},"281":{"start":{"line":562,"column":4},"end":{"line":564,"column":5}},"282":{"start":{"line":563,"column":6},"end":{"line":563,"column":24}},"283":{"start":{"line":566,"column":4},"end":{"line":566,"column":24}},"284":{"start":{"line":567,"column":4},"end":{"line":567,"column":24}},"285":{"start":{"line":568,"column":4},"end":{"line":568,"column":26}},"286":{"start":{"line":571,"column":28},"end":{"line":578,"column":3}},"287":{"start":{"line":572,"column":4},"end":{"line":577,"column":5}},"288":{"start":{"line":573,"column":20},"end":{"line":573,"column":43}},"289":{"start":{"line":574,"column":6},"end":{"line":574,"column":29}},"290":{"start":{"line":575,"column":6},"end":{"line":575,"column":29}},"291":{"start":{"line":576,"column":6},"end":{"line":576,"column":23}},"292":{"start":{"line":580,"column":28},"end":{"line":605,"column":3}},"293":{"start":{"line":581,"column":4},"end":{"line":604,"column":5}},"294":{"start":{"line":582,"column":37},"end":{"line":593,"column":8}},"295":{"start":{"line":595,"column":6},"end":{"line":595,"column":58}},"296":{"start":{"line":595,"column":35},"end":{"line":595,"column":56}},"297":{"start":{"line":596,"column":6},"end":{"line":596,"column":39}},"298":{"start":{"line":597,"column":6},"end":{"line":597,"column":30}},"299":{"start":{"line":598,"column":6},"end":{"line":598,"column":23}},"300":{"start":{"line":599,"column":6},"end":{"line":599,"column":28}},"301":{"start":{"line":600,"column":11},"end":{"line":604,"column":5}},"302":{"start":{"line":601,"column":6},"end":{"line":601,"column":30}},"303":{"start":{"line":602,"column":6},"end":{"line":602,"column":23}},"304":{"start":{"line":603,"column":6},"end":{"line":603,"column":28}},"305":{"start":{"line":607,"column":23},"end":{"line":612,"column":3}},"306":{"start":{"line":608,"column":4},"end":{"line":611,"column":5}},"307":{"start":{"line":609,"column":6},"end":{"line":609,"column":88}},"308":{"start":{"line":609,"column":35},"end":{"line":609,"column":86}},"309":{"start":{"line":609,"column":54},"end":{"line":609,"column":85}},"310":{"start":{"line":610,"column":6},"end":{"line":610,"column":36}},"311":{"start":{"line":615,"column":2},"end":{"line":625,"column":29}},"312":{"start":{"line":616,"column":26},"end":{"line":621,"column":5}},"313":{"start":{"line":617,"column":6},"end":{"line":620,"column":7}},"314":{"start":{"line":618,"column":8},"end":{"line":618,"column":90}},"315":{"start":{"line":618,"column":37},"end":{"line":618,"column":88}},"316":{"start":{"line":618,"column":56},"end":{"line":618,"column":87}},"317":{"start":{"line":619,"column":8},"end":{"line":619,"column":38}},"318":{"start":{"line":623,"column":4},"end":{"line":623,"column":56}},"319":{"start":{"line":624,"column":4},"end":{"line":624,"column":72}},"320":{"start":{"line":624,"column":17},"end":{"line":624,"column":71}},"321":{"start":{"line":627,"column":2},"end":{"line":686,"column":4}},"322":{"start":{"line":647,"column":27},"end":{"line":647,"column":55}},"323":{"start":{"line":295,"column":13},"end":{"line":295,"column":59}},"324":{"start":{"line":689,"column":0},"end":{"line":689,"column":29}}},"fnMap":{"0":{"name":"createAnnotation","decl":{"start":{"line":29,"column":9},"end":{"line":29,"column":25}},"loc":{"start":{"line":34,"column":14},"end":{"line":101,"column":1}}},"1":{"name":"(anonymous_10)","decl":{"start":{"line":80,"column":26},"end":{"line":80,"column":27}},"loc":{"start":{"line":80,"column":31},"end":{"line":80,"column":34}}},"2":{"name":"(anonymous_11)","decl":{"start":{"line":81,"column":26},"end":{"line":81,"column":27}},"loc":{"start":{"line":81,"column":31},"end":{"line":81,"column":34}}},"3":{"name":"renderCanvas","decl":{"start":{"line":104,"column":9},"end":{"line":104,"column":21}},"loc":{"start":{"line":114,"column":1},"end":{"line":243,"column":1}}},"4":{"name":"(anonymous_13)","decl":{"start":{"line":121,"column":28},"end":{"line":121,"column":31}},"loc":{"start":{"line":121,"column":34},"end":{"line":205,"column":3}}},"5":{"name":"isPointInBbox","decl":{"start":{"line":248,"column":9},"end":{"line":248,"column":22}},"loc":{"start":{"line":248,"column":89},"end":{"line":251,"column":1}}},"6":{"name":"getResizeHandleAtPoint","decl":{"start":{"line":254,"column":9},"end":{"line":254,"column":31}},"loc":{"start":{"line":254,"column":98},"end":{"line":273,"column":1}}},"7":{"name":"drawResizeHandles","decl":{"start":{"line":276,"column":9},"end":{"line":276,"column":26}},"loc":{"start":{"line":276,"column":110},"end":{"line":293,"column":1}}},"8":{"name":"(anonymous_17)","decl":{"start":{"line":290,"column":18},"end":{"line":290,"column":24}},"loc":{"start":{"line":290,"column":27},"end":{"line":292,"column":3}}},"9":{"name":"(anonymous_18)","decl":{"start":{"line":295,"column":59},"end":{"line":295,"column":60}},"loc":{"start":{"line":301,"column":5},"end":{"line":687,"column":1}}},"10":{"name":"(anonymous_19)","decl":{"start":{"line":319,"column":12},"end":{"line":319,"column":15}},"loc":{"start":{"line":319,"column":17},"end":{"line":325,"column":3}}},"11":{"name":"(anonymous_20)","decl":{"start":{"line":328,"column":12},"end":{"line":328,"column":15}},"loc":{"start":{"line":328,"column":17},"end":{"line":346,"column":3}}},"12":{"name":"(anonymous_21)","decl":{"start":{"line":348,"column":31},"end":{"line":348,"column":32}},"loc":{"start":{"line":348,"column":81},"end":{"line":357,"column":3}}},"13":{"name":"(anonymous_22)","decl":{"start":{"line":359,"column":26},"end":{"line":359,"column":27}},"loc":{"start":{"line":359,"column":69},"end":{"line":408,"column":3}}},"14":{"name":"(anonymous_23)","decl":{"start":{"line":366,"column":51},"end":{"line":366,"column":54}},"loc":{"start":{"line":366,"column":58},"end":{"line":366,"column":89}}},"15":{"name":"(anonymous_24)","decl":{"start":{"line":410,"column":26},"end":{"line":410,"column":27}},"loc":{"start":{"line":410,"column":69},"end":{"line":533,"column":3}}},"16":{"name":"(anonymous_25)","decl":{"start":{"line":418,"column":27},"end":{"line":418,"column":31}},"loc":{"start":{"line":418,"column":35},"end":{"line":440,"column":8}}},"17":{"name":"(anonymous_26)","decl":{"start":{"line":418,"column":44},"end":{"line":418,"column":47}},"loc":{"start":{"line":418,"column":50},"end":{"line":440,"column":7}}},"18":{"name":"(anonymous_27)","decl":{"start":{"line":435,"column":48},"end":{"line":435,"column":49}},"loc":{"start":{"line":435,"column":63},"end":{"line":435,"column":91}}},"19":{"name":"(anonymous_28)","decl":{"start":{"line":451,"column":27},"end":{"line":451,"column":31}},"loc":{"start":{"line":451,"column":35},"end":{"line":519,"column":8}}},"20":{"name":"(anonymous_29)","decl":{"start":{"line":451,"column":44},"end":{"line":451,"column":47}},"loc":{"start":{"line":451,"column":50},"end":{"line":519,"column":7}}},"21":{"name":"(anonymous_30)","decl":{"start":{"line":502,"column":48},"end":{"line":502,"column":49}},"loc":{"start":{"line":502,"column":63},"end":{"line":505,"column":16}}},"22":{"name":"(anonymous_31)","decl":{"start":{"line":531,"column":20},"end":{"line":531,"column":24}},"loc":{"start":{"line":531,"column":28},"end":{"line":531,"column":44}}},"23":{"name":"(anonymous_32)","decl":{"start":{"line":535,"column":24},"end":{"line":535,"column":25}},"loc":{"start":{"line":535,"column":67},"end":{"line":569,"column":3}}},"24":{"name":"(anonymous_33)","decl":{"start":{"line":558,"column":27},"end":{"line":558,"column":31}},"loc":{"start":{"line":558,"column":35},"end":{"line":558,"column":56}}},"25":{"name":"(anonymous_34)","decl":{"start":{"line":571,"column":28},"end":{"line":571,"column":29}},"loc":{"start":{"line":571,"column":71},"end":{"line":578,"column":3}}},"26":{"name":"(anonymous_35)","decl":{"start":{"line":580,"column":28},"end":{"line":580,"column":29}},"loc":{"start":{"line":580,"column":73},"end":{"line":605,"column":3}}},"27":{"name":"(anonymous_36)","decl":{"start":{"line":595,"column":27},"end":{"line":595,"column":31}},"loc":{"start":{"line":595,"column":35},"end":{"line":595,"column":56}}},"28":{"name":"(anonymous_37)","decl":{"start":{"line":607,"column":23},"end":{"line":607,"column":26}},"loc":{"start":{"line":607,"column":28},"end":{"line":612,"column":3}}},"29":{"name":"(anonymous_38)","decl":{"start":{"line":609,"column":27},"end":{"line":609,"column":31}},"loc":{"start":{"line":609,"column":35},"end":{"line":609,"column":86}}},"30":{"name":"(anonymous_39)","decl":{"start":{"line":609,"column":47},"end":{"line":609,"column":50}},"loc":{"start":{"line":609,"column":54},"end":{"line":609,"column":85}}},"31":{"name":"(anonymous_40)","decl":{"start":{"line":615,"column":12},"end":{"line":615,"column":15}},"loc":{"start":{"line":615,"column":17},"end":{"line":625,"column":3}}},"32":{"name":"(anonymous_41)","decl":{"start":{"line":616,"column":26},"end":{"line":616,"column":27}},"loc":{"start":{"line":616,"column":47},"end":{"line":621,"column":5}}},"33":{"name":"(anonymous_42)","decl":{"start":{"line":618,"column":29},"end":{"line":618,"column":33}},"loc":{"start":{"line":618,"column":37},"end":{"line":618,"column":88}}},"34":{"name":"(anonymous_43)","decl":{"start":{"line":618,"column":49},"end":{"line":618,"column":52}},"loc":{"start":{"line":618,"column":56},"end":{"line":618,"column":87}}},"35":{"name":"(anonymous_44)","decl":{"start":{"line":624,"column":11},"end":{"line":624,"column":14}},"loc":{"start":{"line":624,"column":17},"end":{"line":624,"column":71}}},"36":{"name":"(anonymous_45)","decl":{"start":{"line":647,"column":20},"end":{"line":647,"column":21}},"loc":{"start":{"line":647,"column":27},"end":{"line":647,"column":55}}}},"branchMap":{"0":{"loc":{"start":{"line":36,"column":2},"end":{"line":36,"column":25}},"type":"if","locations":[{"start":{"line":36,"column":2},"end":{"line":36,"column":25}}]},"1":{"loc":{"start":{"line":41,"column":2},"end":{"line":55,"column":3}},"type":"if","locations":[{"start":{"line":41,"column":2},"end":{"line":55,"column":3}}]},"2":{"loc":{"start":{"line":41,"column":6},"end":{"line":41,"column":42}},"type":"binary-expr","locations":[{"start":{"line":41,"column":6},"end":{"line":41,"column":21}},{"start":{"line":41,"column":25},"end":{"line":41,"column":42}}]},"3":{"loc":{"start":{"line":57,"column":2},"end":{"line":77,"column":3}},"type":"if","locations":[{"start":{"line":57,"column":2},"end":{"line":77,"column":3}}]},"4":{"loc":{"start":{"line":79,"column":2},"end":{"line":98,"column":3}},"type":"if","locations":[{"start":{"line":79,"column":2},"end":{"line":98,"column":3}}]},"5":{"loc":{"start":{"line":79,"column":6},"end":{"line":79,"column":46}},"type":"binary-expr","locations":[{"start":{"line":79,"column":6},"end":{"line":79,"column":25}},{"start":{"line":79,"column":29},"end":{"line":79,"column":46}}]},"6":{"loc":{"start":{"line":123,"column":22},"end":{"line":123,"column":55}},"type":"binary-expr","locations":[{"start":{"line":123,"column":22},"end":{"line":123,"column":42}},{"start":{"line":123,"column":46},"end":{"line":123,"column":55}}]},"7":{"loc":{"start":{"line":124,"column":20},"end":{"line":124,"column":51}},"type":"binary-expr","locations":[{"start":{"line":124,"column":20},"end":{"line":124,"column":46}},{"start":{"line":124,"column":50},"end":{"line":124,"column":51}}]},"8":{"loc":{"start":{"line":127,"column":4},"end":{"line":204,"column":5}},"type":"if","locations":[{"start":{"line":127,"column":4},"end":{"line":204,"column":5}},{"start":{"line":139,"column":11},"end":{"line":204,"column":5}}]},"9":{"loc":{"start":{"line":131,"column":6},"end":{"line":138,"column":7}},"type":"if","locations":[{"start":{"line":131,"column":6},"end":{"line":138,"column":7}}]},"10":{"loc":{"start":{"line":139,"column":11},"end":{"line":204,"column":5}},"type":"if","locations":[{"start":{"line":139,"column":11},"end":{"line":204,"column":5}},{"start":{"line":157,"column":11},"end":{"line":204,"column":5}}]},"11":{"loc":{"start":{"line":149,"column":6},"end":{"line":156,"column":7}},"type":"if","locations":[{"start":{"line":149,"column":6},"end":{"line":156,"column":7}}]},"12":{"loc":{"start":{"line":157,"column":11},"end":{"line":204,"column":5}},"type":"if","locations":[{"start":{"line":157,"column":11},"end":{"line":204,"column":5}},{"start":{"line":172,"column":11},"end":{"line":204,"column":5}}]},"13":{"loc":{"start":{"line":164,"column":6},"end":{"line":171,"column":7}},"type":"if","locations":[{"start":{"line":164,"column":6},"end":{"line":171,"column":7}}]},"14":{"loc":{"start":{"line":172,"column":11},"end":{"line":204,"column":5}},"type":"if","locations":[{"start":{"line":172,"column":11},"end":{"line":204,"column":5}},{"start":{"line":190,"column":11},"end":{"line":204,"column":5}}]},"15":{"loc":{"start":{"line":172,"column":15},"end":{"line":172,"column":71}},"type":"binary-expr","locations":[{"start":{"line":172,"column":15},"end":{"line":172,"column":34}},{"start":{"line":172,"column":38},"end":{"line":172,"column":71}}]},"16":{"loc":{"start":{"line":182,"column":6},"end":{"line":189,"column":7}},"type":"if","locations":[{"start":{"line":182,"column":6},"end":{"line":189,"column":7}}]},"17":{"loc":{"start":{"line":190,"column":11},"end":{"line":204,"column":5}},"type":"if","locations":[{"start":{"line":190,"column":11},"end":{"line":204,"column":5}}]},"18":{"loc":{"start":{"line":191,"column":20},"end":{"line":191,"column":49}},"type":"binary-expr","locations":[{"start":{"line":191,"column":20},"end":{"line":191,"column":43}},{"start":{"line":191,"column":47},"end":{"line":191,"column":49}}]},"19":{"loc":{"start":{"line":192,"column":22},"end":{"line":192,"column":55}},"type":"binary-expr","locations":[{"start":{"line":192,"column":22},"end":{"line":192,"column":42}},{"start":{"line":192,"column":46},"end":{"line":192,"column":55}}]},"20":{"loc":{"start":{"line":193,"column":19},"end":{"line":193,"column":44}},"type":"binary-expr","locations":[{"start":{"line":193,"column":19},"end":{"line":193,"column":38}},{"start":{"line":193,"column":42},"end":{"line":193,"column":44}}]},"21":{"loc":{"start":{"line":193,"column":72},"end":{"line":193,"column":101}},"type":"binary-expr","locations":[{"start":{"line":193,"column":72},"end":{"line":193,"column":95}},{"start":{"line":193,"column":99},"end":{"line":193,"column":101}}]},"22":{"loc":{"start":{"line":196,"column":6},"end":{"line":203,"column":7}},"type":"if","locations":[{"start":{"line":196,"column":6},"end":{"line":203,"column":7}}]},"23":{"loc":{"start":{"line":208,"column":2},"end":{"line":230,"column":3}},"type":"if","locations":[{"start":{"line":208,"column":2},"end":{"line":230,"column":3}}]},"24":{"loc":{"start":{"line":208,"column":6},"end":{"line":208,"column":45}},"type":"binary-expr","locations":[{"start":{"line":208,"column":6},"end":{"line":208,"column":15}},{"start":{"line":208,"column":19},"end":{"line":208,"column":29}},{"start":{"line":208,"column":33},"end":{"line":208,"column":45}}]},"25":{"loc":{"start":{"line":212,"column":4},"end":{"line":229,"column":5}},"type":"if","locations":[{"start":{"line":212,"column":4},"end":{"line":229,"column":5}},{"start":{"line":216,"column":11},"end":{"line":229,"column":5}}]},"26":{"loc":{"start":{"line":216,"column":11},"end":{"line":229,"column":5}},"type":"if","locations":[{"start":{"line":216,"column":11},"end":{"line":229,"column":5}},{"start":{"line":224,"column":11},"end":{"line":229,"column":5}}]},"27":{"loc":{"start":{"line":224,"column":11},"end":{"line":229,"column":5}},"type":"if","locations":[{"start":{"line":224,"column":11},"end":{"line":229,"column":5}}]},"28":{"loc":{"start":{"line":233,"column":2},"end":{"line":242,"column":3}},"type":"if","locations":[{"start":{"line":233,"column":2},"end":{"line":242,"column":3}}]},"29":{"loc":{"start":{"line":233,"column":6},"end":{"line":233,"column":58}},"type":"binary-expr","locations":[{"start":{"line":233,"column":6},"end":{"line":233,"column":33}},{"start":{"line":233,"column":37},"end":{"line":233,"column":58}}]},"30":{"loc":{"start":{"line":249,"column":9},"end":{"line":250,"column":56}},"type":"binary-expr","locations":[{"start":{"line":249,"column":9},"end":{"line":249,"column":26}},{"start":{"line":249,"column":30},"end":{"line":249,"column":56}},{"start":{"line":250,"column":9},"end":{"line":250,"column":26}},{"start":{"line":250,"column":30},"end":{"line":250,"column":56}}]},"31":{"loc":{"start":{"line":268,"column":4},"end":{"line":270,"column":5}},"type":"if","locations":[{"start":{"line":268,"column":4},"end":{"line":270,"column":5}}]},"32":{"loc":{"start":{"line":268,"column":8},"end":{"line":268,"column":96}},"type":"binary-expr","locations":[{"start":{"line":268,"column":8},"end":{"line":268,"column":50}},{"start":{"line":268,"column":54},"end":{"line":268,"column":96}}]},"33":{"loc":{"start":{"line":299,"column":2},"end":{"line":299,"column":10}},"type":"default-arg","locations":[{"start":{"line":299,"column":9},"end":{"line":299,"column":10}}]},"34":{"loc":{"start":{"line":321,"column":4},"end":{"line":321,"column":24}},"type":"if","locations":[{"start":{"line":321,"column":4},"end":{"line":321,"column":24}}]},"35":{"loc":{"start":{"line":330,"column":4},"end":{"line":330,"column":24}},"type":"if","locations":[{"start":{"line":330,"column":4},"end":{"line":330,"column":24}}]},"36":{"loc":{"start":{"line":333,"column":4},"end":{"line":333,"column":21}},"type":"if","locations":[{"start":{"line":333,"column":4},"end":{"line":333,"column":21}}]},"37":{"loc":{"start":{"line":350,"column":4},"end":{"line":350,"column":39}},"type":"if","locations":[{"start":{"line":350,"column":4},"end":{"line":350,"column":39}}]},"38":{"loc":{"start":{"line":363,"column":4},"end":{"line":396,"column":5}},"type":"if","locations":[{"start":{"line":363,"column":4},"end":{"line":396,"column":5}}]},"39":{"loc":{"start":{"line":365,"column":6},"end":{"line":383,"column":7}},"type":"if","locations":[{"start":{"line":365,"column":6},"end":{"line":383,"column":7}}]},"40":{"loc":{"start":{"line":367,"column":8},"end":{"line":382,"column":9}},"type":"if","locations":[{"start":{"line":367,"column":8},"end":{"line":382,"column":9}}]},"41":{"loc":{"start":{"line":369,"column":10},"end":{"line":374,"column":11}},"type":"if","locations":[{"start":{"line":369,"column":10},"end":{"line":374,"column":11}}]},"42":{"loc":{"start":{"line":377,"column":10},"end":{"line":381,"column":11}},"type":"if","locations":[{"start":{"line":377,"column":10},"end":{"line":381,"column":11}}]},"43":{"loc":{"start":{"line":387,"column":8},"end":{"line":390,"column":9}},"type":"if","locations":[{"start":{"line":387,"column":8},"end":{"line":390,"column":9}}]},"44":{"loc":{"start":{"line":399,"column":4},"end":{"line":399,"column":40}},"type":"if","locations":[{"start":{"line":399,"column":4},"end":{"line":399,"column":40}}]},"45":{"loc":{"start":{"line":405,"column":4},"end":{"line":407,"column":5}},"type":"if","locations":[{"start":{"line":405,"column":4},"end":{"line":407,"column":5}}]},"46":{"loc":{"start":{"line":414,"column":4},"end":{"line":444,"column":5}},"type":"if","locations":[{"start":{"line":414,"column":4},"end":{"line":444,"column":5}}]},"47":{"loc":{"start":{"line":414,"column":8},"end":{"line":414,"column":58}},"type":"binary-expr","locations":[{"start":{"line":414,"column":8},"end":{"line":414,"column":16}},{"start":{"line":414,"column":20},"end":{"line":414,"column":40}},{"start":{"line":414,"column":44},"end":{"line":414,"column":58}}]},"48":{"loc":{"start":{"line":419,"column":8},"end":{"line":438,"column":9}},"type":"if","locations":[{"start":{"line":419,"column":8},"end":{"line":438,"column":9}}]},"49":{"loc":{"start":{"line":427,"column":24},"end":{"line":436,"column":30}},"type":"cond-expr","locations":[{"start":{"line":427,"column":46},"end":{"line":433,"column":14}},{"start":{"line":433,"column":16},"end":{"line":436,"column":30}}]},"50":{"loc":{"start":{"line":433,"column":16},"end":{"line":436,"column":30}},"type":"cond-expr","locations":[{"start":{"line":433,"column":38},"end":{"line":436,"column":14}},{"start":{"line":436,"column":16},"end":{"line":436,"column":30}}]},"51":{"loc":{"start":{"line":447,"column":4},"end":{"line":523,"column":5}},"type":"if","locations":[{"start":{"line":447,"column":4},"end":{"line":523,"column":5}}]},"52":{"loc":{"start":{"line":447,"column":8},"end":{"line":447,"column":72}},"type":"binary-expr","locations":[{"start":{"line":447,"column":8},"end":{"line":447,"column":18}},{"start":{"line":447,"column":22},"end":{"line":447,"column":42}},{"start":{"line":447,"column":46},"end":{"line":447,"column":56}},{"start":{"line":447,"column":60},"end":{"line":447,"column":72}}]},"53":{"loc":{"start":{"line":452,"column":8},"end":{"line":517,"column":9}},"type":"if","locations":[{"start":{"line":452,"column":8},"end":{"line":517,"column":9}}]},"54":{"loc":{"start":{"line":456,"column":10},"end":{"line":458,"column":11}},"type":"if","locations":[{"start":{"line":456,"column":10},"end":{"line":458,"column":11}}]},"55":{"loc":{"start":{"line":459,"column":10},"end":{"line":462,"column":11}},"type":"if","locations":[{"start":{"line":459,"column":10},"end":{"line":462,"column":11}}]},"56":{"loc":{"start":{"line":463,"column":10},"end":{"line":465,"column":11}},"type":"if","locations":[{"start":{"line":463,"column":10},"end":{"line":465,"column":11}}]},"57":{"loc":{"start":{"line":466,"column":10},"end":{"line":469,"column":11}},"type":"if","locations":[{"start":{"line":466,"column":10},"end":{"line":469,"column":11}}]},"58":{"loc":{"start":{"line":473,"column":10},"end":{"line":475,"column":11}},"type":"if","locations":[{"start":{"line":473,"column":10},"end":{"line":475,"column":11}}]},"59":{"loc":{"start":{"line":476,"column":10},"end":{"line":478,"column":11}},"type":"if","locations":[{"start":{"line":476,"column":10},"end":{"line":478,"column":11}}]},"60":{"loc":{"start":{"line":483,"column":10},"end":{"line":514,"column":11}},"type":"if","locations":[{"start":{"line":483,"column":10},"end":{"line":514,"column":11}},{"start":{"line":495,"column":17},"end":{"line":514,"column":11}}]},"61":{"loc":{"start":{"line":495,"column":17},"end":{"line":514,"column":11}},"type":"if","locations":[{"start":{"line":495,"column":17},"end":{"line":514,"column":11}},{"start":{"line":507,"column":17},"end":{"line":514,"column":11}}]},"62":{"loc":{"start":{"line":495,"column":21},"end":{"line":495,"column":65}},"type":"binary-expr","locations":[{"start":{"line":495,"column":21},"end":{"line":495,"column":40}},{"start":{"line":495,"column":44},"end":{"line":495,"column":65}}]},"63":{"loc":{"start":{"line":507,"column":17},"end":{"line":514,"column":11}},"type":"if","locations":[{"start":{"line":507,"column":17},"end":{"line":514,"column":11}}]},"64":{"loc":{"start":{"line":512,"column":48},"end":{"line":512,"column":77}},"type":"binary-expr","locations":[{"start":{"line":512,"column":48},"end":{"line":512,"column":71}},{"start":{"line":512,"column":75},"end":{"line":512,"column":77}}]},"65":{"loc":{"start":{"line":526,"column":4},"end":{"line":526,"column":44}},"type":"if","locations":[{"start":{"line":526,"column":4},"end":{"line":526,"column":44}}]},"66":{"loc":{"start":{"line":526,"column":8},"end":{"line":526,"column":35}},"type":"binary-expr","locations":[{"start":{"line":526,"column":8},"end":{"line":526,"column":18}},{"start":{"line":526,"column":22},"end":{"line":526,"column":35}}]},"67":{"loc":{"start":{"line":530,"column":4},"end":{"line":532,"column":5}},"type":"if","locations":[{"start":{"line":530,"column":4},"end":{"line":532,"column":5}}]},"68":{"loc":{"start":{"line":537,"column":4},"end":{"line":541,"column":5}},"type":"if","locations":[{"start":{"line":537,"column":4},"end":{"line":541,"column":5}}]},"69":{"loc":{"start":{"line":544,"column":4},"end":{"line":549,"column":5}},"type":"if","locations":[{"start":{"line":544,"column":4},"end":{"line":549,"column":5}}]},"70":{"loc":{"start":{"line":552,"column":4},"end":{"line":552,"column":42}},"type":"if","locations":[{"start":{"line":552,"column":4},"end":{"line":552,"column":42}}]},"71":{"loc":{"start":{"line":552,"column":8},"end":{"line":552,"column":33}},"type":"binary-expr","locations":[{"start":{"line":552,"column":8},"end":{"line":552,"column":18}},{"start":{"line":552,"column":22},"end":{"line":552,"column":33}}]},"72":{"loc":{"start":{"line":557,"column":4},"end":{"line":560,"column":5}},"type":"if","locations":[{"start":{"line":557,"column":4},"end":{"line":560,"column":5}}]},"73":{"loc":{"start":{"line":562,"column":4},"end":{"line":564,"column":5}},"type":"if","locations":[{"start":{"line":562,"column":4},"end":{"line":564,"column":5}}]},"74":{"loc":{"start":{"line":572,"column":4},"end":{"line":577,"column":5}},"type":"if","locations":[{"start":{"line":572,"column":4},"end":{"line":577,"column":5}}]},"75":{"loc":{"start":{"line":572,"column":8},"end":{"line":572,"column":49}},"type":"binary-expr","locations":[{"start":{"line":572,"column":8},"end":{"line":572,"column":31}},{"start":{"line":572,"column":35},"end":{"line":572,"column":49}}]},"76":{"loc":{"start":{"line":581,"column":4},"end":{"line":604,"column":5}},"type":"if","locations":[{"start":{"line":581,"column":4},"end":{"line":604,"column":5}},{"start":{"line":600,"column":11},"end":{"line":604,"column":5}}]},"77":{"loc":{"start":{"line":581,"column":8},"end":{"line":581,"column":61}},"type":"binary-expr","locations":[{"start":{"line":581,"column":8},"end":{"line":581,"column":25}},{"start":{"line":581,"column":29},"end":{"line":581,"column":45}},{"start":{"line":581,"column":49},"end":{"line":581,"column":61}}]},"78":{"loc":{"start":{"line":600,"column":11},"end":{"line":604,"column":5}},"type":"if","locations":[{"start":{"line":600,"column":11},"end":{"line":604,"column":5}}]},"79":{"loc":{"start":{"line":608,"column":4},"end":{"line":611,"column":5}},"type":"if","locations":[{"start":{"line":608,"column":4},"end":{"line":611,"column":5}}]},"80":{"loc":{"start":{"line":617,"column":6},"end":{"line":620,"column":7}},"type":"if","locations":[{"start":{"line":617,"column":6},"end":{"line":620,"column":7}}]},"81":{"loc":{"start":{"line":617,"column":10},"end":{"line":617,"column":52}},"type":"binary-expr","locations":[{"start":{"line":617,"column":10},"end":{"line":617,"column":28}},{"start":{"line":617,"column":32},"end":{"line":617,"column":52}}]},"82":{"loc":{"start":{"line":637,"column":18},"end":{"line":637,"column":56}},"type":"cond-expr","locations":[{"start":{"line":637,"column":33},"end":{"line":637,"column":44}},{"start":{"line":637,"column":47},"end":{"line":637,"column":56}}]},"83":{"loc":{"start":{"line":642,"column":7},"end":{"line":660,"column":null}},"type":"binary-expr","locations":[{"start":{"line":642,"column":7},"end":{"line":642,"column":20}},{"start":{"line":642,"column":24},"end":{"line":642,"column":36}},{"start":{"line":643,"column":8},"end":{"line":659,"column":null}}]},"84":{"loc":{"start":{"line":663,"column":7},"end":{"line":683,"column":null}},"type":"binary-expr","locations":[{"start":{"line":663,"column":7},"end":{"line":663,"column":27}},{"start":{"line":664,"column":8},"end":{"line":680,"column":null}}]}},"s":{"0":1,"1":8,"2":0,"3":8,"4":8,"5":8,"6":7,"7":7,"8":7,"9":7,"10":7,"11":1,"12":1,"13":1,"14":1,"15":1,"16":1,"17":0,"18":0,"19":0,"20":0,"21":0,"22":0,"23":0,"24":0,"25":0,"26":0,"27":0,"28":0,"29":0,"30":0,"31":0,"32":0,"33":0,"34":0,"35":0,"36":0,"37":0,"38":0,"39":0,"40":0,"41":0,"42":0,"43":0,"44":0,"45":0,"46":0,"47":0,"48":0,"49":0,"50":0,"51":0,"52":0,"53":0,"54":0,"55":0,"56":0,"57":0,"58":0,"59":0,"60":0,"61":0,"62":0,"63":0,"64":0,"65":0,"66":0,"67":0,"68":0,"69":0,"70":0,"71":0,"72":0,"73":0,"74":0,"75":0,"76":0,"77":0,"78":0,"79":0,"80":0,"81":0,"82":0,"83":0,"84":0,"85":0,"86":0,"87":0,"88":0,"89":0,"90":0,"91":0,"92":0,"93":0,"94":0,"95":0,"96":0,"97":0,"98":0,"99":0,"100":0,"101":0,"102":0,"103":0,"104":0,"105":0,"106":0,"107":0,"108":0,"109":0,"110":0,"111":0,"112":0,"113":0,"114":0,"115":0,"116":0,"117":0,"118":0,"119":0,"120":0,"121":0,"122":0,"123":0,"124":0,"125":0,"126":3,"127":0,"128":0,"129":0,"130":0,"131":0,"132":0,"133":0,"134":0,"135":0,"136":0,"137":0,"138":1,"139":37,"140":37,"141":37,"142":37,"143":37,"144":37,"145":37,"146":37,"147":37,"148":37,"149":37,"150":37,"151":37,"152":37,"153":37,"154":9,"155":9,"156":0,"157":9,"158":9,"159":37,"160":37,"161":37,"162":0,"163":37,"164":37,"165":37,"166":0,"167":37,"168":23,"169":23,"170":0,"171":23,"172":23,"173":37,"174":11,"175":11,"176":3,"177":0,"178":0,"179":0,"180":0,"181":0,"182":0,"183":0,"184":0,"185":0,"186":0,"187":0,"188":0,"189":0,"190":3,"191":3,"192":3,"193":3,"194":3,"195":0,"196":0,"197":8,"198":0,"199":8,"200":8,"201":8,"202":8,"203":0,"204":37,"205":4,"206":4,"207":0,"208":0,"209":0,"210":0,"211":0,"212":0,"213":0,"214":0,"215":0,"216":0,"217":4,"218":0,"219":0,"220":0,"221":0,"222":0,"223":0,"224":0,"225":0,"226":0,"227":0,"228":0,"229":0,"230":0,"231":0,"232":0,"233":0,"234":0,"235":0,"236":0,"237":0,"238":0,"239":0,"240":0,"241":0,"242":0,"243":0,"244":0,"245":0,"246":0,"247":0,"248":0,"249":0,"250":0,"251":0,"252":0,"253":0,"254":0,"255":0,"256":0,"257":4,"258":3,"259":1,"260":1,"261":0,"262":0,"263":37,"264":11,"265":0,"266":0,"267":0,"268":11,"269":0,"270":0,"271":0,"272":0,"273":11,"274":3,"275":8,"276":8,"277":8,"278":8,"279":8,"280":8,"281":8,"282":0,"283":8,"284":8,"285":8,"286":37,"287":8,"288":0,"289":0,"290":0,"291":0,"292":37,"293":0,"294":0,"295":0,"296":0,"297":0,"298":0,"299":0,"300":0,"301":0,"302":0,"303":0,"304":0,"305":37,"306":0,"307":0,"308":0,"309":0,"310":0,"311":37,"312":12,"313":2,"314":0,"315":0,"316":0,"317":0,"318":12,"319":12,"320":12,"321":37,"322":0,"323":1,"324":1},"f":{"0":8,"1":0,"2":0,"3":0,"4":0,"5":3,"6":0,"7":0,"8":0,"9":37,"10":9,"11":37,"12":23,"13":11,"14":0,"15":4,"16":0,"17":0,"18":0,"19":0,"20":0,"21":0,"22":0,"23":11,"24":8,"25":8,"26":0,"27":0,"28":0,"29":0,"30":0,"31":12,"32":2,"33":0,"34":0,"35":12,"36":0},"b":{"0":[0],"1":[7],"2":[8,2],"3":[1],"4":[0],"5":[0,0],"6":[0,0],"7":[0,0],"8":[0,0],"9":[0],"10":[0,0],"11":[0],"12":[0,0],"13":[0],"14":[0,0],"15":[0,0],"16":[0],"17":[0],"18":[0,0],"19":[0,0],"20":[0,0],"21":[0,0],"22":[0],"23":[0],"24":[0,0,0],"25":[0,0],"26":[0,0],"27":[0],"28":[0],"29":[0,0],"30":[3,3,3,3],"31":[0],"32":[0,0],"33":[0],"34":[0],"35":[0],"36":[37],"37":[0],"38":[3],"39":[0],"40":[0],"41":[0],"42":[0],"43":[3],"44":[0],"45":[0],"46":[0],"47":[4,0,0],"48":[0],"49":[0,0],"50":[0,0],"51":[0],"52":[4,0,0,0],"53":[0],"54":[0],"55":[0],"56":[0],"57":[0],"58":[0],"59":[0],"60":[0,0],"61":[0,0],"62":[0,0],"63":[0],"64":[0,0],"65":[3],"66":[4,1],"67":[0],"68":[0],"69":[0],"70":[3],"71":[11,8],"72":[8],"73":[0],"74":[0],"75":[8,0],"76":[0,0],"77":[0,0,0],"78":[0],"79":[0],"80":[0],"81":[2,2],"82":[25,12],"83":[37,0,0],"84":[37,3]}}
,"/home/shidou/pdfleyer/frontend/src/components/DrawingOverlay.tsx": {"path":"/home/shidou/pdfleyer/frontend/src/components/DrawingOverlay.tsx","statementMap":{"0":{"start":{"line":1,"column":0},"end":{"line":1,"column":59}},"1":{"start":{"line":46,"column":2},"end":{"line":46,"column":25}},"2":{"start":{"line":46,"column":13},"end":{"line":46,"column":25}},"3":{"start":{"line":48,"column":20},"end":{"line":48,"column":30}},"4":{"start":{"line":49,"column":20},"end":{"line":49,"column":56}},"5":{"start":{"line":51,"column":2},"end":{"line":65,"column":3}},"6":{"start":{"line":52,"column":14},"end":{"line":52,"column":38}},"7":{"start":{"line":53,"column":14},"end":{"line":53,"column":38}},"8":{"start":{"line":54,"column":14},"end":{"line":54,"column":39}},"9":{"start":{"line":55,"column":14},"end":{"line":55,"column":39}},"10":{"start":{"line":57,"column":4},"end":{"line":64,"column":6}},"11":{"start":{"line":67,"column":2},"end":{"line":87,"column":3}},"12":{"start":{"line":68,"column":14},"end":{"line":68,"column":38}},"13":{"start":{"line":69,"column":14},"end":{"line":69,"column":38}},"14":{"start":{"line":70,"column":14},"end":{"line":70,"column":39}},"15":{"start":{"line":71,"column":14},"end":{"line":71,"column":39}},"16":{"start":{"line":73,"column":4},"end":{"line":86,"column":6}},"17":{"start":{"line":89,"column":2},"end":{"line":108,"column":3}},"18":{"start":{"line":90,"column":15},"end":{"line":90,"column":35}},"19":{"start":{"line":90,"column":31},"end":{"line":90,"column":34}},"20":{"start":{"line":91,"column":15},"end":{"line":91,"column":35}},"21":{"start":{"line":91,"column":31},"end":{"line":91,"column":34}},"22":{"start":{"line":92,"column":14},"end":{"line":92,"column":29}},"23":{"start":{"line":93,"column":14},"end":{"line":93,"column":29}},"24":{"start":{"line":94,"column":14},"end":{"line":94,"column":33}},"25":{"start":{"line":95,"column":14},"end":{"line":95,"column":33}},"26":{"start":{"line":97,"column":4},"end":{"line":107,"column":6}},"27":{"start":{"line":110,"column":2},"end":{"line":110,"column":14}},"28":{"start":{"line":115,"column":91},"end":{"line":115,"column":97}},"29":{"start":{"line":118,"column":2},"end":{"line":118,"column":37}},"30":{"start":{"line":121,"column":2},"end":{"line":143,"column":3}},"31":{"start":{"line":122,"column":4},"end":{"line":122,"column":32}},"32":{"start":{"line":123,"column":4},"end":{"line":123,"column":22}},"33":{"start":{"line":125,"column":4},"end":{"line":142,"column":5}},"34":{"start":{"line":126,"column":16},"end":{"line":126,"column":45}},"35":{"start":{"line":127,"column":16},"end":{"line":127,"column":45}},"36":{"start":{"line":128,"column":6},"end":{"line":128,"column":55}},"37":{"start":{"line":129,"column":11},"end":{"line":142,"column":5}},"38":{"start":{"line":130,"column":22},"end":{"line":130,"column":57}},"39":{"start":{"line":131,"column":22},"end":{"line":131,"column":57}},"40":{"start":{"line":132,"column":22},"end":{"line":132,"column":65}},"41":{"start":{"line":133,"column":22},"end":{"line":133,"column":65}},"42":{"start":{"line":134,"column":6},"end":{"line":134,"column":22}},"43":{"start":{"line":135,"column":6},"end":{"line":135,"column":73}},"44":{"start":{"line":136,"column":6},"end":{"line":136,"column":19}},"45":{"start":{"line":137,"column":11},"end":{"line":142,"column":5}},"46":{"start":{"line":138,"column":6},"end":{"line":138,"column":22}},"47":{"start":{"line":139,"column":6},"end":{"line":139,"column":45}},"48":{"start":{"line":140,"column":6},"end":{"line":140,"column":49}},"49":{"start":{"line":141,"column":6},"end":{"line":141,"column":19}},"50":{"start":{"line":146,"column":2},"end":{"line":155,"column":3}},"51":{"start":{"line":147,"column":4},"end":{"line":147,"column":32}},"52":{"start":{"line":148,"column":4},"end":{"line":148,"column":22}},"53":{"start":{"line":149,"column":4},"end":{"line":149,"column":20}},"54":{"start":{"line":150,"column":4},"end":{"line":150,"column":49}},"55":{"start":{"line":151,"column":4},"end":{"line":153,"column":5}},"56":{"start":{"line":151,"column":17},"end":{"line":151,"column":18}},"57":{"start":{"line":152,"column":6},"end":{"line":152,"column":51}},"58":{"start":{"line":154,"column":4},"end":{"line":154,"column":17}},"59":{"start":{"line":158,"column":61},"end":{"line":370,"column":1}},"60":{"start":{"line":165,"column":20},"end":{"line":165,"column":51}},"61":{"start":{"line":166,"column":42},"end":{"line":166,"column":66}},"62":{"start":{"line":167,"column":36},"end":{"line":167,"column":51}},"63":{"start":{"line":168,"column":38},"end":{"line":168,"column":66}},"64":{"start":{"line":169,"column":42},"end":{"line":169,"column":70}},"65":{"start":{"line":170,"column":38},"end":{"line":170,"column":59}},"66":{"start":{"line":171,"column":44},"end":{"line":171,"column":59}},"67":{"start":{"line":172,"column":42},"end":{"line":172,"column":70}},"68":{"start":{"line":173,"column":36},"end":{"line":173,"column":48}},"69":{"start":{"line":175,"column":2},"end":{"line":181,"column":22}},"70":{"start":{"line":176,"column":19},"end":{"line":176,"column":36}},"71":{"start":{"line":177,"column":4},"end":{"line":177,"column":24}},"72":{"start":{"line":177,"column":17},"end":{"line":177,"column":24}},"73":{"start":{"line":179,"column":4},"end":{"line":179,"column":25}},"74":{"start":{"line":180,"column":4},"end":{"line":180,"column":27}},"75":{"start":{"line":184,"column":2},"end":{"line":200,"column":85}},"76":{"start":{"line":185,"column":19},"end":{"line":185,"column":36}},"77":{"start":{"line":186,"column":4},"end":{"line":186,"column":24}},"78":{"start":{"line":186,"column":17},"end":{"line":186,"column":24}},"79":{"start":{"line":188,"column":16},"end":{"line":188,"column":39}},"80":{"start":{"line":189,"column":4},"end":{"line":189,"column":21}},"81":{"start":{"line":189,"column":14},"end":{"line":189,"column":21}},"82":{"start":{"line":191,"column":4},"end":{"line":199,"column":7}},"83":{"start":{"line":202,"column":31},"end":{"line":211,"column":3}},"84":{"start":{"line":203,"column":19},"end":{"line":203,"column":36}},"85":{"start":{"line":204,"column":4},"end":{"line":204,"column":39}},"86":{"start":{"line":204,"column":17},"end":{"line":204,"column":39}},"87":{"start":{"line":206,"column":17},"end":{"line":206,"column":47}},"88":{"start":{"line":207,"column":4},"end":{"line":210,"column":6}},"89":{"start":{"line":213,"column":26},"end":{"line":224,"column":3}},"90":{"start":{"line":214,"column":4},"end":{"line":214,"column":57}},"91":{"start":{"line":214,"column":50},"end":{"line":214,"column":57}},"92":{"start":{"line":216,"column":18},"end":{"line":216,"column":41}},"93":{"start":{"line":217,"column":4},"end":{"line":217,"column":23}},"94":{"start":{"line":218,"column":4},"end":{"line":218,"column":25}},"95":{"start":{"line":219,"column":4},"end":{"line":219,"column":27}},"96":{"start":{"line":221,"column":4},"end":{"line":223,"column":5}},"97":{"start":{"line":222,"column":6},"end":{"line":222,"column":29}},"98":{"start":{"line":226,"column":26},"end":{"line":235,"column":3}},"99":{"start":{"line":227,"column":4},"end":{"line":227,"column":44}},"100":{"start":{"line":227,"column":37},"end":{"line":227,"column":44}},"101":{"start":{"line":229,"column":18},"end":{"line":229,"column":41}},"102":{"start":{"line":230,"column":4},"end":{"line":230,"column":27}},"103":{"start":{"line":232,"column":4},"end":{"line":234,"column":5}},"104":{"start":{"line":233,"column":6},"end":{"line":233,"column":46}},"105":{"start":{"line":233,"column":28},"end":{"line":233,"column":44}},"106":{"start":{"line":237,"column":24},"end":{"line":254,"column":3}},"107":{"start":{"line":238,"column":4},"end":{"line":238,"column":42}},"108":{"start":{"line":238,"column":35},"end":{"line":238,"column":42}},"109":{"start":{"line":240,"column":18},"end":{"line":240,"column":41}},"110":{"start":{"line":241,"column":23},"end":{"line":241,"column":90}},"111":{"start":{"line":243,"column":4},"end":{"line":245,"column":5}},"112":{"start":{"line":244,"column":6},"end":{"line":244,"column":39}},"113":{"start":{"line":247,"column":4},"end":{"line":249,"column":5}},"114":{"start":{"line":248,"column":6},"end":{"line":248,"column":24}},"115":{"start":{"line":251,"column":4},"end":{"line":251,"column":24}},"116":{"start":{"line":252,"column":4},"end":{"line":252,"column":24}},"117":{"start":{"line":253,"column":4},"end":{"line":253,"column":26}},"118":{"start":{"line":256,"column":28},"end":{"line":263,"column":3}},"119":{"start":{"line":257,"column":4},"end":{"line":262,"column":5}},"120":{"start":{"line":258,"column":20},"end":{"line":258,"column":43}},"121":{"start":{"line":259,"column":6},"end":{"line":259,"column":29}},"122":{"start":{"line":260,"column":6},"end":{"line":260,"column":29}},"123":{"start":{"line":261,"column":6},"end":{"line":261,"column":23}},"124":{"start":{"line":265,"column":28},"end":{"line":289,"column":3}},"125":{"start":{"line":266,"column":4},"end":{"line":288,"column":5}},"126":{"start":{"line":267,"column":37},"end":{"line":278,"column":8}},"127":{"start":{"line":280,"column":6},"end":{"line":280,"column":39}},"128":{"start":{"line":281,"column":6},"end":{"line":281,"column":30}},"129":{"start":{"line":282,"column":6},"end":{"line":282,"column":23}},"130":{"start":{"line":283,"column":6},"end":{"line":283,"column":28}},"131":{"start":{"line":284,"column":11},"end":{"line":288,"column":5}},"132":{"start":{"line":285,"column":6},"end":{"line":285,"column":30}},"133":{"start":{"line":286,"column":6},"end":{"line":286,"column":23}},"134":{"start":{"line":287,"column":6},"end":{"line":287,"column":28}},"135":{"start":{"line":291,"column":27},"end":{"line":293,"column":3}},"136":{"start":{"line":292,"column":4},"end":{"line":292,"column":26}},"137":{"start":{"line":295,"column":27},"end":{"line":310,"column":null}},"138":{"start":{"line":296,"column":4},"end":{"line":309,"column":null}},"139":{"start":{"line":299,"column":21},"end":{"line":299,"column":43}},"140":{"start":{"line":313,"column":2},"end":{"line":369,"column":4}},"141":{"start":{"line":352,"column":29},"end":{"line":352,"column":57}},"142":{"start":{"line":158,"column":13},"end":{"line":158,"column":61}},"143":{"start":{"line":372,"column":0},"end":{"line":372,"column":30}}},"fnMap":{"0":{"name":"createAnnotation","decl":{"start":{"line":39,"column":9},"end":{"line":39,"column":25}},"loc":{"start":{"line":44,"column":14},"end":{"line":111,"column":1}}},"1":{"name":"(anonymous_10)","decl":{"start":{"line":90,"column":26},"end":{"line":90,"column":27}},"loc":{"start":{"line":90,"column":31},"end":{"line":90,"column":34}}},"2":{"name":"(anonymous_11)","decl":{"start":{"line":91,"column":26},"end":{"line":91,"column":27}},"loc":{"start":{"line":91,"column":31},"end":{"line":91,"column":34}}},"3":{"name":"renderCanvas","decl":{"start":{"line":114,"column":9},"end":{"line":114,"column":21}},"loc":{"start":{"line":114,"column":79},"end":{"line":156,"column":1}}},"4":{"name":"(anonymous_13)","decl":{"start":{"line":158,"column":61},"end":{"line":158,"column":62}},"loc":{"start":{"line":164,"column":5},"end":{"line":370,"column":1}}},"5":{"name":"(anonymous_14)","decl":{"start":{"line":175,"column":12},"end":{"line":175,"column":15}},"loc":{"start":{"line":175,"column":17},"end":{"line":181,"column":3}}},"6":{"name":"(anonymous_15)","decl":{"start":{"line":184,"column":12},"end":{"line":184,"column":15}},"loc":{"start":{"line":184,"column":17},"end":{"line":200,"column":3}}},"7":{"name":"(anonymous_16)","decl":{"start":{"line":202,"column":31},"end":{"line":202,"column":32}},"loc":{"start":{"line":202,"column":81},"end":{"line":211,"column":3}}},"8":{"name":"(anonymous_17)","decl":{"start":{"line":213,"column":26},"end":{"line":213,"column":27}},"loc":{"start":{"line":213,"column":69},"end":{"line":224,"column":3}}},"9":{"name":"(anonymous_18)","decl":{"start":{"line":226,"column":26},"end":{"line":226,"column":27}},"loc":{"start":{"line":226,"column":69},"end":{"line":235,"column":3}}},"10":{"name":"(anonymous_19)","decl":{"start":{"line":233,"column":20},"end":{"line":233,"column":24}},"loc":{"start":{"line":233,"column":28},"end":{"line":233,"column":44}}},"11":{"name":"(anonymous_20)","decl":{"start":{"line":237,"column":24},"end":{"line":237,"column":25}},"loc":{"start":{"line":237,"column":67},"end":{"line":254,"column":3}}},"12":{"name":"(anonymous_21)","decl":{"start":{"line":256,"column":28},"end":{"line":256,"column":29}},"loc":{"start":{"line":256,"column":71},"end":{"line":263,"column":3}}},"13":{"name":"(anonymous_22)","decl":{"start":{"line":265,"column":28},"end":{"line":265,"column":29}},"loc":{"start":{"line":265,"column":73},"end":{"line":289,"column":3}}},"14":{"name":"(anonymous_23)","decl":{"start":{"line":291,"column":27},"end":{"line":291,"column":28}},"loc":{"start":{"line":291,"column":46},"end":{"line":293,"column":3}}},"15":{"name":"(anonymous_24)","decl":{"start":{"line":295,"column":27},"end":{"line":295,"column":28}},"loc":{"start":{"line":296,"column":4},"end":{"line":309,"column":null}}},"16":{"name":"(anonymous_25)","decl":{"start":{"line":299,"column":15},"end":{"line":299,"column":18}},"loc":{"start":{"line":299,"column":21},"end":{"line":299,"column":43}}},"17":{"name":"(anonymous_26)","decl":{"start":{"line":352,"column":22},"end":{"line":352,"column":23}},"loc":{"start":{"line":352,"column":29},"end":{"line":352,"column":57}}}},"branchMap":{"0":{"loc":{"start":{"line":46,"column":2},"end":{"line":46,"column":25}},"type":"if","locations":[{"start":{"line":46,"column":2},"end":{"line":46,"column":25}}]},"1":{"loc":{"start":{"line":51,"column":2},"end":{"line":65,"column":3}},"type":"if","locations":[{"start":{"line":51,"column":2},"end":{"line":65,"column":3}}]},"2":{"loc":{"start":{"line":51,"column":6},"end":{"line":51,"column":42}},"type":"binary-expr","locations":[{"start":{"line":51,"column":6},"end":{"line":51,"column":21}},{"start":{"line":51,"column":25},"end":{"line":51,"column":42}}]},"3":{"loc":{"start":{"line":67,"column":2},"end":{"line":87,"column":3}},"type":"if","locations":[{"start":{"line":67,"column":2},"end":{"line":87,"column":3}}]},"4":{"loc":{"start":{"line":89,"column":2},"end":{"line":108,"column":3}},"type":"if","locations":[{"start":{"line":89,"column":2},"end":{"line":108,"column":3}}]},"5":{"loc":{"start":{"line":89,"column":6},"end":{"line":89,"column":46}},"type":"binary-expr","locations":[{"start":{"line":89,"column":6},"end":{"line":89,"column":25}},{"start":{"line":89,"column":29},"end":{"line":89,"column":46}}]},"6":{"loc":{"start":{"line":121,"column":2},"end":{"line":143,"column":3}},"type":"if","locations":[{"start":{"line":121,"column":2},"end":{"line":143,"column":3}}]},"7":{"loc":{"start":{"line":121,"column":6},"end":{"line":121,"column":45}},"type":"binary-expr","locations":[{"start":{"line":121,"column":6},"end":{"line":121,"column":15}},{"start":{"line":121,"column":19},"end":{"line":121,"column":29}},{"start":{"line":121,"column":33},"end":{"line":121,"column":45}}]},"8":{"loc":{"start":{"line":125,"column":4},"end":{"line":142,"column":5}},"type":"if","locations":[{"start":{"line":125,"column":4},"end":{"line":142,"column":5}},{"start":{"line":129,"column":11},"end":{"line":142,"column":5}}]},"9":{"loc":{"start":{"line":129,"column":11},"end":{"line":142,"column":5}},"type":"if","locations":[{"start":{"line":129,"column":11},"end":{"line":142,"column":5}},{"start":{"line":137,"column":11},"end":{"line":142,"column":5}}]},"10":{"loc":{"start":{"line":137,"column":11},"end":{"line":142,"column":5}},"type":"if","locations":[{"start":{"line":137,"column":11},"end":{"line":142,"column":5}}]},"11":{"loc":{"start":{"line":146,"column":2},"end":{"line":155,"column":3}},"type":"if","locations":[{"start":{"line":146,"column":2},"end":{"line":155,"column":3}}]},"12":{"loc":{"start":{"line":146,"column":6},"end":{"line":146,"column":58}},"type":"binary-expr","locations":[{"start":{"line":146,"column":6},"end":{"line":146,"column":33}},{"start":{"line":146,"column":37},"end":{"line":146,"column":58}}]},"13":{"loc":{"start":{"line":161,"column":2},"end":{"line":161,"column":10}},"type":"default-arg","locations":[{"start":{"line":161,"column":9},"end":{"line":161,"column":10}}]},"14":{"loc":{"start":{"line":163,"column":2},"end":{"line":163,"column":20}},"type":"default-arg","locations":[{"start":{"line":163,"column":16},"end":{"line":163,"column":20}}]},"15":{"loc":{"start":{"line":177,"column":4},"end":{"line":177,"column":24}},"type":"if","locations":[{"start":{"line":177,"column":4},"end":{"line":177,"column":24}}]},"16":{"loc":{"start":{"line":186,"column":4},"end":{"line":186,"column":24}},"type":"if","locations":[{"start":{"line":186,"column":4},"end":{"line":186,"column":24}}]},"17":{"loc":{"start":{"line":189,"column":4},"end":{"line":189,"column":21}},"type":"if","locations":[{"start":{"line":189,"column":4},"end":{"line":189,"column":21}}]},"18":{"loc":{"start":{"line":204,"column":4},"end":{"line":204,"column":39}},"type":"if","locations":[{"start":{"line":204,"column":4},"end":{"line":204,"column":39}}]},"19":{"loc":{"start":{"line":214,"column":4},"end":{"line":214,"column":57}},"type":"if","locations":[{"start":{"line":214,"column":4},"end":{"line":214,"column":57}}]},"20":{"loc":{"start":{"line":214,"column":8},"end":{"line":214,"column":48}},"type":"binary-expr","locations":[{"start":{"line":214,"column":8},"end":{"line":214,"column":21}},{"start":{"line":214,"column":25},"end":{"line":214,"column":48}}]},"21":{"loc":{"start":{"line":221,"column":4},"end":{"line":223,"column":5}},"type":"if","locations":[{"start":{"line":221,"column":4},"end":{"line":223,"column":5}}]},"22":{"loc":{"start":{"line":227,"column":4},"end":{"line":227,"column":44}},"type":"if","locations":[{"start":{"line":227,"column":4},"end":{"line":227,"column":44}}]},"23":{"loc":{"start":{"line":227,"column":8},"end":{"line":227,"column":35}},"type":"binary-expr","locations":[{"start":{"line":227,"column":8},"end":{"line":227,"column":18}},{"start":{"line":227,"column":22},"end":{"line":227,"column":35}}]},"24":{"loc":{"start":{"line":232,"column":4},"end":{"line":234,"column":5}},"type":"if","locations":[{"start":{"line":232,"column":4},"end":{"line":234,"column":5}}]},"25":{"loc":{"start":{"line":238,"column":4},"end":{"line":238,"column":42}},"type":"if","locations":[{"start":{"line":238,"column":4},"end":{"line":238,"column":42}}]},"26":{"loc":{"start":{"line":238,"column":8},"end":{"line":238,"column":33}},"type":"binary-expr","locations":[{"start":{"line":238,"column":8},"end":{"line":238,"column":18}},{"start":{"line":238,"column":22},"end":{"line":238,"column":33}}]},"27":{"loc":{"start":{"line":243,"column":4},"end":{"line":245,"column":5}},"type":"if","locations":[{"start":{"line":243,"column":4},"end":{"line":245,"column":5}}]},"28":{"loc":{"start":{"line":247,"column":4},"end":{"line":249,"column":5}},"type":"if","locations":[{"start":{"line":247,"column":4},"end":{"line":249,"column":5}}]},"29":{"loc":{"start":{"line":257,"column":4},"end":{"line":262,"column":5}},"type":"if","locations":[{"start":{"line":257,"column":4},"end":{"line":262,"column":5}}]},"30":{"loc":{"start":{"line":257,"column":8},"end":{"line":257,"column":49}},"type":"binary-expr","locations":[{"start":{"line":257,"column":8},"end":{"line":257,"column":31}},{"start":{"line":257,"column":35},"end":{"line":257,"column":49}}]},"31":{"loc":{"start":{"line":266,"column":4},"end":{"line":288,"column":5}},"type":"if","locations":[{"start":{"line":266,"column":4},"end":{"line":288,"column":5}},{"start":{"line":284,"column":11},"end":{"line":288,"column":5}}]},"32":{"loc":{"start":{"line":266,"column":8},"end":{"line":266,"column":61}},"type":"binary-expr","locations":[{"start":{"line":266,"column":8},"end":{"line":266,"column":25}},{"start":{"line":266,"column":29},"end":{"line":266,"column":45}},{"start":{"line":266,"column":49},"end":{"line":266,"column":61}}]},"33":{"loc":{"start":{"line":284,"column":11},"end":{"line":288,"column":5}},"type":"if","locations":[{"start":{"line":284,"column":11},"end":{"line":288,"column":5}}]},"34":{"loc":{"start":{"line":303,"column":25},"end":{"line":303,"column":70}},"type":"cond-expr","locations":[{"start":{"line":303,"column":49},"end":{"line":303,"column":58}},{"start":{"line":303,"column":61},"end":{"line":303,"column":70}}]},"35":{"loc":{"start":{"line":304,"column":15},"end":{"line":304,"column":56}},"type":"cond-expr","locations":[{"start":{"line":304,"column":39},"end":{"line":304,"column":46}},{"start":{"line":304,"column":49},"end":{"line":304,"column":56}}]},"36":{"loc":{"start":{"line":316,"column":7},"end":{"line":329,"column":null}},"type":"binary-expr","locations":[{"start":{"line":316,"column":7},"end":{"line":316,"column":18}},{"start":{"line":317,"column":8},"end":{"line":328,"column":null}}]},"37":{"loc":{"start":{"line":342,"column":20},"end":{"line":342,"column":58}},"type":"cond-expr","locations":[{"start":{"line":342,"column":35},"end":{"line":342,"column":46}},{"start":{"line":342,"column":49},"end":{"line":342,"column":58}}]},"38":{"loc":{"start":{"line":347,"column":9},"end":{"line":365,"column":null}},"type":"binary-expr","locations":[{"start":{"line":347,"column":9},"end":{"line":347,"column":22}},{"start":{"line":347,"column":26},"end":{"line":347,"column":38}},{"start":{"line":348,"column":10},"end":{"line":364,"column":null}}]}},"s":{"0":1,"1":4,"2":0,"3":4,"4":4,"5":4,"6":2,"7":2,"8":2,"9":2,"10":2,"11":2,"12":1,"13":1,"14":1,"15":1,"16":1,"17":1,"18":1,"19":4,"20":1,"21":4,"22":1,"23":1,"24":1,"25":1,"26":1,"27":0,"28":0,"29":0,"30":0,"31":0,"32":0,"33":0,"34":0,"35":0,"36":0,"37":0,"38":0,"39":0,"40":0,"41":0,"42":0,"43":0,"44":0,"45":0,"46":0,"47":0,"48":0,"49":0,"50":0,"51":0,"52":0,"53":0,"54":0,"55":0,"56":0,"57":0,"58":0,"59":1,"60":47,"61":47,"62":47,"63":47,"64":47,"65":47,"66":47,"67":47,"68":47,"69":47,"70":14,"71":14,"72":0,"73":14,"74":14,"75":47,"76":41,"77":41,"78":0,"79":41,"80":41,"81":41,"82":0,"83":47,"84":16,"85":16,"86":0,"87":16,"88":16,"89":47,"90":4,"91":0,"92":4,"93":4,"94":4,"95":4,"96":4,"97":1,"98":47,"99":6,"100":0,"101":6,"102":6,"103":6,"104":3,"105":3,"106":47,"107":4,"108":0,"109":4,"110":4,"111":4,"112":4,"113":4,"114":1,"115":4,"116":4,"117":4,"118":47,"119":2,"120":2,"121":2,"122":2,"123":2,"124":47,"125":2,"126":1,"127":1,"128":1,"129":1,"130":1,"131":1,"132":1,"133":1,"134":1,"135":47,"136":13,"137":47,"138":235,"139":13,"140":47,"141":2,"142":1,"143":1},"f":{"0":4,"1":4,"2":4,"3":0,"4":47,"5":14,"6":41,"7":16,"8":4,"9":6,"10":3,"11":4,"12":2,"13":2,"14":13,"15":235,"16":13,"17":2},"b":{"0":[0],"1":[2],"2":[4,3],"3":[1],"4":[1],"5":[1,1],"6":[0],"7":[0,0,0],"8":[0,0],"9":[0,0],"10":[0],"11":[0],"12":[0,0],"13":[47],"14":[47],"15":[0],"16":[0],"17":[41],"18":[0],"19":[0],"20":[4,4],"21":[1],"22":[0],"23":[6,6],"24":[3],"25":[0],"26":[4,4],"27":[4],"28":[1],"29":[2],"30":[2,2],"31":[1,1],"32":[2,1,1],"33":[1],"34":[33,202],"35":[33,202],"36":[47,47],"37":[33,14],"38":[47,4,4]}}
,"/home/shidou/pdfleyer/frontend/src/components/PdfPagination.tsx": {"path":"/home/shidou/pdfleyer/frontend/src/components/PdfPagination.tsx","statementMap":{"0":{"start":{"line":1,"column":0},"end":{"line":1,"column":40}},"1":{"start":{"line":9,"column":59},"end":{"line":39,"column":1}},"2":{"start":{"line":10,"column":26},"end":{"line":10,"column":55}},"3":{"start":{"line":12,"column":17},"end":{"line":18,"column":3}},"4":{"start":{"line":13,"column":4},"end":{"line":17,"column":7}},"5":{"start":{"line":14,"column":17},"end":{"line":14,"column":42}},"6":{"start":{"line":15,"column":6},"end":{"line":15,"column":25}},"7":{"start":{"line":16,"column":6},"end":{"line":16,"column":16}},"8":{"start":{"line":20,"column":17},"end":{"line":26,"column":3}},"9":{"start":{"line":21,"column":4},"end":{"line":25,"column":7}},"10":{"start":{"line":22,"column":17},"end":{"line":22,"column":35}},"11":{"start":{"line":23,"column":6},"end":{"line":23,"column":25}},"12":{"start":{"line":24,"column":6},"end":{"line":24,"column":16}},"13":{"start":{"line":28,"column":2},"end":{"line":38,"column":4}},"14":{"start":{"line":9,"column":13},"end":{"line":9,"column":59}},"15":{"start":{"line":41,"column":0},"end":{"line":41,"column":29}}},"fnMap":{"0":{"name":"(anonymous_9)","decl":{"start":{"line":9,"column":59},"end":{"line":9,"column":60}},"loc":{"start":{"line":9,"column":107},"end":{"line":39,"column":1}}},"1":{"name":"(anonymous_10)","decl":{"start":{"line":12,"column":17},"end":{"line":12,"column":20}},"loc":{"start":{"line":12,"column":22},"end":{"line":18,"column":3}}},"2":{"name":"(anonymous_11)","decl":{"start":{"line":13,"column":12},"end":{"line":13,"column":13}},"loc":{"start":{"line":13,"column":18},"end":{"line":17,"column":5}}},"3":{"name":"(anonymous_12)","decl":{"start":{"line":20,"column":17},"end":{"line":20,"column":20}},"loc":{"start":{"line":20,"column":22},"end":{"line":26,"column":3}}},"4":{"name":"(anonymous_13)","decl":{"start":{"line":21,"column":12},"end":{"line":21,"column":13}},"loc":{"start":{"line":21,"column":18},"end":{"line":25,"column":5}}}},"branchMap":{"0":{"loc":{"start":{"line":9,"column":72},"end":{"line":9,"column":87}},"type":"default-arg","locations":[{"start":{"line":9,"column":86},"end":{"line":9,"column":87}}]}},"s":{"0":1,"1":1,"2":4,"3":4,"4":1,"5":1,"6":1,"7":1,"8":4,"9":1,"10":1,"11":1,"12":1,"13":4,"14":1,"15":1},"f":{"0":4,"1":1,"2":1,"3":1,"4":1},"b":{"0":[0]}}
,"/home/shidou/pdfleyer/frontend/src/components/PdfViewer.tsx": {"path":"/home/shidou/pdfleyer/frontend/src/components/PdfViewer.tsx","statementMap":{"0":{"start":{"line":1,"column":0},"end":{"line":1,"column":59}},"1":{"start":{"line":9,"column":51},"end":{"line":94,"column":1}},"2":{"start":{"line":10,"column":20},"end":{"line":10,"column":58}},"3":{"start":{"line":11,"column":32},"end":{"line":11,"column":46}},"4":{"start":{"line":12,"column":28},"end":{"line":12,"column":57}},"5":{"start":{"line":13,"column":30},"end":{"line":13,"column":49}},"6":{"start":{"line":16,"column":2},"end":{"line":50,"column":27}},"7":{"start":{"line":17,"column":20},"end":{"line":17,"column":25}},"8":{"start":{"line":20,"column":6},"end":{"line":20,"column":23}},"9":{"start":{"line":21,"column":6},"end":{"line":21,"column":21}},"10":{"start":{"line":22,"column":6},"end":{"line":22,"column":22}},"11":{"start":{"line":23,"column":6},"end":{"line":42,"column":7}},"12":{"start":{"line":25,"column":22},"end":{"line":25,"column":48}},"13":{"start":{"line":28,"column":9},"end":{"line":28,"column":77}},"14":{"start":{"line":30,"column":29},"end":{"line":30,"column":59}},"15":{"start":{"line":31,"column":20},"end":{"line":31,"column":45}},"16":{"start":{"line":32,"column":8},"end":{"line":32,"column":30}},"17":{"start":{"line":32,"column":23},"end":{"line":32,"column":30}},"18":{"start":{"line":34,"column":8},"end":{"line":34,"column":23}},"19":{"start":{"line":35,"column":8},"end":{"line":35,"column":38}},"20":{"start":{"line":36,"column":8},"end":{"line":36,"column":26}},"21":{"start":{"line":38,"column":8},"end":{"line":38,"column":30}},"22":{"start":{"line":38,"column":23},"end":{"line":38,"column":30}},"23":{"start":{"line":39,"column":29},"end":{"line":39,"column":56}},"24":{"start":{"line":40,"column":8},"end":{"line":40,"column":31}},"25":{"start":{"line":41,"column":8},"end":{"line":41,"column":26}},"26":{"start":{"line":45,"column":4},"end":{"line":45,"column":14}},"27":{"start":{"line":47,"column":4},"end":{"line":49,"column":6}},"28":{"start":{"line":48,"column":6},"end":{"line":48,"column":23}},"29":{"start":{"line":53,"column":2},"end":{"line":85,"column":21}},"30":{"start":{"line":54,"column":20},"end":{"line":54,"column":25}},"31":{"start":{"line":57,"column":6},"end":{"line":57,"column":26}},"32":{"start":{"line":57,"column":19},"end":{"line":57,"column":26}},"33":{"start":{"line":59,"column":6},"end":{"line":77,"column":7}},"34":{"start":{"line":60,"column":24},"end":{"line":60,"column":50}},"35":{"start":{"line":61,"column":8},"end":{"line":61,"column":30}},"36":{"start":{"line":61,"column":23},"end":{"line":61,"column":30}},"37":{"start":{"line":63,"column":25},"end":{"line":63,"column":58}},"38":{"start":{"line":64,"column":23},"end":{"line":64,"column":40}},"39":{"start":{"line":65,"column":8},"end":{"line":65,"column":28}},"40":{"start":{"line":65,"column":21},"end":{"line":65,"column":28}},"41":{"start":{"line":67,"column":8},"end":{"line":67,"column":38}},"42":{"start":{"line":68,"column":8},"end":{"line":68,"column":40}},"43":{"start":{"line":69,"column":20},"end":{"line":69,"column":43}},"44":{"start":{"line":70,"column":8},"end":{"line":70,"column":67}},"45":{"start":{"line":70,"column":18},"end":{"line":70,"column":67}},"46":{"start":{"line":72,"column":8},"end":{"line":72,"column":71}},"47":{"start":{"line":74,"column":8},"end":{"line":74,"column":30}},"48":{"start":{"line":74,"column":23},"end":{"line":74,"column":30}},"49":{"start":{"line":75,"column":29},"end":{"line":75,"column":56}},"50":{"start":{"line":76,"column":8},"end":{"line":76,"column":31}},"51":{"start":{"line":80,"column":4},"end":{"line":80,"column":17}},"52":{"start":{"line":82,"column":4},"end":{"line":84,"column":6}},"53":{"start":{"line":83,"column":6},"end":{"line":83,"column":23}},"54":{"start":{"line":87,"column":2},"end":{"line":93,"column":4}},"55":{"start":{"line":9,"column":13},"end":{"line":9,"column":51}},"56":{"start":{"line":96,"column":0},"end":{"line":96,"column":25}}},"fnMap":{"0":{"name":"(anonymous_9)","decl":{"start":{"line":9,"column":51},"end":{"line":9,"column":52}},"loc":{"start":{"line":9,"column":88},"end":{"line":94,"column":1}}},"1":{"name":"(anonymous_10)","decl":{"start":{"line":16,"column":12},"end":{"line":16,"column":15}},"loc":{"start":{"line":16,"column":17},"end":{"line":50,"column":3}}},"2":{"name":"loadPdf","decl":{"start":{"line":19,"column":19},"end":{"line":19,"column":26}},"loc":{"start":{"line":19,"column":26},"end":{"line":43,"column":5}}},"3":{"name":"(anonymous_12)","decl":{"start":{"line":25,"column":22},"end":{"line":25,"column":35}},"loc":{"start":{"line":25,"column":22},"end":{"line":25,"column":48}}},"4":{"name":"(anonymous_13)","decl":{"start":{"line":47,"column":11},"end":{"line":47,"column":14}},"loc":{"start":{"line":47,"column":16},"end":{"line":49,"column":5}}},"5":{"name":"(anonymous_14)","decl":{"start":{"line":53,"column":12},"end":{"line":53,"column":15}},"loc":{"start":{"line":53,"column":17},"end":{"line":85,"column":3}}},"6":{"name":"renderPage","decl":{"start":{"line":56,"column":19},"end":{"line":56,"column":29}},"loc":{"start":{"line":56,"column":29},"end":{"line":78,"column":5}}},"7":{"name":"(anonymous_16)","decl":{"start":{"line":82,"column":11},"end":{"line":82,"column":14}},"loc":{"start":{"line":82,"column":16},"end":{"line":84,"column":5}}}},"branchMap":{"0":{"loc":{"start":{"line":9,"column":59},"end":{"line":9,"column":67}},"type":"default-arg","locations":[{"start":{"line":9,"column":66},"end":{"line":9,"column":67}}]},"1":{"loc":{"start":{"line":32,"column":8},"end":{"line":32,"column":30}},"type":"if","locations":[{"start":{"line":32,"column":8},"end":{"line":32,"column":30}}]},"2":{"loc":{"start":{"line":38,"column":8},"end":{"line":38,"column":30}},"type":"if","locations":[{"start":{"line":38,"column":8},"end":{"line":38,"column":30}}]},"3":{"loc":{"start":{"line":39,"column":29},"end":{"line":39,"column":56}},"type":"binary-expr","locations":[{"start":{"line":39,"column":29},"end":{"line":39,"column":41}},{"start":{"line":39,"column":45},"end":{"line":39,"column":56}}]},"4":{"loc":{"start":{"line":57,"column":6},"end":{"line":57,"column":26}},"type":"if","locations":[{"start":{"line":57,"column":6},"end":{"line":57,"column":26}}]},"5":{"loc":{"start":{"line":61,"column":8},"end":{"line":61,"column":30}},"type":"if","locations":[{"start":{"line":61,"column":8},"end":{"line":61,"column":30}}]},"6":{"loc":{"start":{"line":65,"column":8},"end":{"line":65,"column":28}},"type":"if","locations":[{"start":{"line":65,"column":8},"end":{"line":65,"column":28}}]},"7":{"loc":{"start":{"line":70,"column":8},"end":{"line":70,"column":67}},"type":"if","locations":[{"start":{"line":70,"column":8},"end":{"line":70,"column":67}}]},"8":{"loc":{"start":{"line":74,"column":8},"end":{"line":74,"column":30}},"type":"if","locations":[{"start":{"line":74,"column":8},"end":{"line":74,"column":30}}]},"9":{"loc":{"start":{"line":75,"column":29},"end":{"line":75,"column":56}},"type":"binary-expr","locations":[{"start":{"line":75,"column":29},"end":{"line":75,"column":41}},{"start":{"line":75,"column":45},"end":{"line":75,"column":56}}]},"10":{"loc":{"start":{"line":89,"column":7},"end":{"line":89,"column":43}},"type":"binary-expr","locations":[{"start":{"line":89,"column":7},"end":{"line":89,"column":14}},{"start":{"line":89,"column":18},"end":{"line":89,"column":43}}]},"11":{"loc":{"start":{"line":90,"column":7},"end":{"line":90,"column":78}},"type":"binary-expr","locations":[{"start":{"line":90,"column":7},"end":{"line":90,"column":12}},{"start":{"line":90,"column":16},"end":{"line":90,"column":78}}]},"12":{"loc":{"start":{"line":91,"column":73},"end":{"line":91,"column":108}},"type":"cond-expr","locations":[{"start":{"line":91,"column":92},"end":{"line":91,"column":98}},{"start":{"line":91,"column":101},"end":{"line":91,"column":108}}]},"13":{"loc":{"start":{"line":91,"column":73},"end":{"line":91,"column":89}},"type":"binary-expr","locations":[{"start":{"line":91,"column":73},"end":{"line":91,"column":80}},{"start":{"line":91,"column":84},"end":{"line":91,"column":89}}]}},"s":{"0":1,"1":1,"2":19,"3":19,"4":19,"5":19,"6":19,"7":8,"8":8,"9":8,"10":8,"11":8,"12":16,"13":8,"14":8,"15":8,"16":4,"17":0,"18":4,"19":4,"20":4,"21":4,"22":0,"23":4,"24":4,"25":4,"26":8,"27":8,"28":8,"29":19,"30":12,"31":12,"32":8,"33":4,"34":4,"35":3,"36":0,"37":3,"38":3,"39":3,"40":0,"41":3,"42":3,"43":3,"44":3,"45":3,"46":0,"47":4,"48":0,"49":4,"50":4,"51":12,"52":12,"53":12,"54":19,"55":1,"56":1},"f":{"0":19,"1":8,"2":8,"3":8,"4":8,"5":12,"6":12,"7":12},"b":{"0":[15],"1":[0],"2":[0],"3":[4,0],"4":[8],"5":[0],"6":[0],"7":[3],"8":[0],"9":[4,0],"10":[19,8],"11":[19,8],"12":[16,3],"13":[19,11]}}
}
