TN:
SF:src/components/DrawingCanvas.tsx
FN:29,createAnnotation
FN:80,(anonymous_10)
FN:81,(anonymous_11)
FN:104,renderCanvas
FN:121,(anonymous_13)
FN:248,isPointInBbox
FN:254,getResizeHandleAtPoint
FN:276,drawResizeHandles
FN:290,(anonymous_17)
FN:295,(anonymous_18)
FN:319,(anonymous_19)
FN:328,(anonymous_20)
FN:348,(anonymous_21)
FN:359,(anonymous_22)
FN:366,(anonymous_23)
FN:410,(anonymous_24)
FN:418,(anonymous_25)
FN:418,(anonymous_26)
FN:435,(anonymous_27)
FN:451,(anonymous_28)
FN:451,(anonymous_29)
FN:502,(anonymous_30)
FN:531,(anonymous_31)
FN:535,(anonymous_32)
FN:558,(anonymous_33)
FN:571,(anonymous_34)
FN:580,(anonymous_35)
FN:595,(anonymous_36)
FN:607,(anonymous_37)
FN:609,(anonymous_38)
FN:609,(anonymous_39)
FN:615,(anonymous_40)
FN:616,(anonymous_41)
FN:618,(anonymous_42)
FN:618,(anonymous_43)
FN:624,(anonymous_44)
FN:647,(anonymous_45)
FNF:37
FNH:14
FNDA:8,createAnnotation
FNDA:0,(anonymous_10)
FNDA:0,(anonymous_11)
FNDA:0,renderCanvas
FNDA:0,(anonymous_13)
FNDA:3,isPointInBbox
FNDA:0,getResizeHandleAtPoint
FNDA:0,drawResizeHandles
FNDA:0,(anonymous_17)
FNDA:37,(anonymous_18)
FNDA:9,(anonymous_19)
FNDA:37,(anonymous_20)
FNDA:23,(anonymous_21)
FNDA:11,(anonymous_22)
FNDA:0,(anonymous_23)
FNDA:4,(anonymous_24)
FNDA:0,(anonymous_25)
FNDA:0,(anonymous_26)
FNDA:0,(anonymous_27)
FNDA:0,(anonymous_28)
FNDA:0,(anonymous_29)
FNDA:0,(anonymous_30)
FNDA:0,(anonymous_31)
FNDA:11,(anonymous_32)
FNDA:8,(anonymous_33)
FNDA:8,(anonymous_34)
FNDA:0,(anonymous_35)
FNDA:0,(anonymous_36)
FNDA:0,(anonymous_37)
FNDA:0,(anonymous_38)
FNDA:0,(anonymous_39)
FNDA:12,(anonymous_40)
FNDA:2,(anonymous_41)
FNDA:0,(anonymous_42)
FNDA:0,(anonymous_43)
FNDA:12,(anonymous_44)
FNDA:0,(anonymous_45)
DA:1,1
DA:36,8
DA:38,8
DA:39,8
DA:41,8
DA:42,7
DA:43,7
DA:44,7
DA:45,7
DA:47,7
DA:57,1
DA:58,1
DA:59,1
DA:60,1
DA:61,1
DA:63,1
DA:79,0
DA:80,0
DA:81,0
DA:82,0
DA:83,0
DA:84,0
DA:85,0
DA:87,0
DA:100,0
DA:115,0
DA:118,0
DA:121,0
DA:122,0
DA:123,0
DA:124,0
DA:125,0
DA:127,0
DA:128,0
DA:131,0
DA:132,0
DA:133,0
DA:134,0
DA:135,0
DA:136,0
DA:137,0
DA:139,0
DA:140,0
DA:141,0
DA:142,0
DA:143,0
DA:144,0
DA:145,0
DA:146,0
DA:149,0
DA:150,0
DA:151,0
DA:152,0
DA:153,0
DA:154,0
DA:155,0
DA:157,0
DA:158,0
DA:159,0
DA:160,0
DA:161,0
DA:164,0
DA:165,0
DA:166,0
DA:167,0
DA:168,0
DA:169,0
DA:170,0
DA:172,0
DA:173,0
DA:174,0
DA:175,0
DA:176,0
DA:177,0
DA:179,0
DA:182,0
DA:183,0
DA:184,0
DA:185,0
DA:186,0
DA:187,0
DA:188,0
DA:190,0
DA:191,0
DA:192,0
DA:193,0
DA:196,0
DA:197,0
DA:198,0
DA:199,0
DA:200,0
DA:201,0
DA:202,0
DA:208,0
DA:209,0
DA:210,0
DA:212,0
DA:213,0
DA:214,0
DA:215,0
DA:216,0
DA:217,0
DA:218,0
DA:219,0
DA:220,0
DA:221,0
DA:222,0
DA:223,0
DA:224,0
DA:225,0
DA:226,0
DA:227,0
DA:228,0
DA:233,0
DA:234,0
DA:235,0
DA:236,0
DA:237,0
DA:238,0
DA:239,0
DA:241,0
DA:249,3
DA:255,0
DA:256,0
DA:267,0
DA:268,0
DA:269,0
DA:272,0
DA:277,0
DA:278,0
DA:289,0
DA:290,0
DA:291,0
DA:295,1
DA:302,37
DA:303,37
DA:304,37
DA:305,37
DA:306,37
DA:307,37
DA:308,37
DA:309,37
DA:310,37
DA:313,37
DA:314,37
DA:315,37
DA:316,37
DA:317,37
DA:319,37
DA:320,9
DA:321,9
DA:323,9
DA:324,9
DA:328,37
DA:329,37
DA:330,37
DA:332,37
DA:333,37
DA:335,0
DA:348,37
DA:349,23
DA:350,23
DA:352,23
DA:353,23
DA:359,37
DA:360,11
DA:363,11
DA:365,3
DA:366,0
DA:367,0
DA:368,0
DA:369,0
DA:370,0
DA:371,0
DA:372,0
DA:373,0
DA:377,0
DA:378,0
DA:379,0
DA:380,0
DA:386,3
DA:387,3
DA:388,3
DA:389,3
DA:394,0
DA:395,0
DA:399,8
DA:401,8
DA:402,8
DA:403,8
DA:405,8
DA:406,0
DA:410,37
DA:411,4
DA:414,4
DA:415,0
DA:416,0
DA:418,0
DA:419,0
DA:420,0
DA:435,0
DA:439,0
DA:442,0
DA:443,0
DA:447,4
DA:448,0
DA:449,0
DA:451,0
DA:452,0
DA:453,0
DA:454,0
DA:456,0
DA:457,0
DA:459,0
DA:460,0
DA:461,0
DA:463,0
DA:464,0
DA:466,0
DA:467,0
DA:468,0
DA:472,0
DA:473,0
DA:474,0
DA:476,0
DA:477,0
DA:481,0
DA:483,0
DA:485,0
DA:486,0
DA:488,0
DA:495,0
DA:497,0
DA:498,0
DA:500,0
DA:502,0
DA:507,0
DA:509,0
DA:510,0
DA:516,0
DA:518,0
DA:521,0
DA:522,0
DA:526,4
DA:528,1
DA:530,1
DA:531,0
DA:535,37
DA:537,11
DA:538,0
DA:539,0
DA:540,0
DA:544,11
DA:545,0
DA:546,0
DA:547,0
DA:548,0
DA:552,11
DA:554,8
DA:555,8
DA:557,8
DA:558,8
DA:559,8
DA:562,8
DA:563,0
DA:566,8
DA:567,8
DA:568,8
DA:571,37
DA:572,8
DA:573,0
DA:574,0
DA:575,0
DA:576,0
DA:580,37
DA:581,0
DA:582,0
DA:595,0
DA:596,0
DA:597,0
DA:598,0
DA:599,0
DA:600,0
DA:601,0
DA:602,0
DA:603,0
DA:607,37
DA:608,0
DA:609,0
DA:610,0
DA:615,37
DA:616,12
DA:617,2
DA:618,0
DA:619,0
DA:623,12
DA:624,12
DA:627,37
DA:647,0
DA:689,1
LF:300
LH:91
BRDA:36,0,0,0
BRDA:41,1,0,7
BRDA:41,2,0,8
BRDA:41,2,1,2
BRDA:57,3,0,1
BRDA:79,4,0,0
BRDA:79,5,0,0
BRDA:79,5,1,0
BRDA:123,6,0,0
BRDA:123,6,1,0
BRDA:124,7,0,0
BRDA:124,7,1,0
BRDA:127,8,0,0
BRDA:127,8,1,0
BRDA:131,9,0,0
BRDA:139,10,0,0
BRDA:139,10,1,0
BRDA:149,11,0,0
BRDA:157,12,0,0
BRDA:157,12,1,0
BRDA:164,13,0,0
BRDA:172,14,0,0
BRDA:172,14,1,0
BRDA:172,15,0,0
BRDA:172,15,1,0
BRDA:182,16,0,0
BRDA:190,17,0,0
BRDA:191,18,0,0
BRDA:191,18,1,0
BRDA:192,19,0,0
BRDA:192,19,1,0
BRDA:193,20,0,0
BRDA:193,20,1,0
BRDA:193,21,0,0
BRDA:193,21,1,0
BRDA:196,22,0,0
BRDA:208,23,0,0
BRDA:208,24,0,0
BRDA:208,24,1,0
BRDA:208,24,2,0
BRDA:212,25,0,0
BRDA:212,25,1,0
BRDA:216,26,0,0
BRDA:216,26,1,0
BRDA:224,27,0,0
BRDA:233,28,0,0
BRDA:233,29,0,0
BRDA:233,29,1,0
BRDA:249,30,0,3
BRDA:249,30,1,3
BRDA:249,30,2,3
BRDA:249,30,3,3
BRDA:268,31,0,0
BRDA:268,32,0,0
BRDA:268,32,1,0
BRDA:299,33,0,0
BRDA:321,34,0,0
BRDA:330,35,0,0
BRDA:333,36,0,37
BRDA:350,37,0,0
BRDA:363,38,0,3
BRDA:365,39,0,0
BRDA:367,40,0,0
BRDA:369,41,0,0
BRDA:377,42,0,0
BRDA:387,43,0,3
BRDA:399,44,0,0
BRDA:405,45,0,0
BRDA:414,46,0,0
BRDA:414,47,0,4
BRDA:414,47,1,0
BRDA:414,47,2,0
BRDA:419,48,0,0
BRDA:427,49,0,0
BRDA:427,49,1,0
BRDA:433,50,0,0
BRDA:433,50,1,0
BRDA:447,51,0,0
BRDA:447,52,0,4
BRDA:447,52,1,0
BRDA:447,52,2,0
BRDA:447,52,3,0
BRDA:452,53,0,0
BRDA:456,54,0,0
BRDA:459,55,0,0
BRDA:463,56,0,0
BRDA:466,57,0,0
BRDA:473,58,0,0
BRDA:476,59,0,0
BRDA:483,60,0,0
BRDA:483,60,1,0
BRDA:495,61,0,0
BRDA:495,61,1,0
BRDA:495,62,0,0
BRDA:495,62,1,0
BRDA:507,63,0,0
BRDA:512,64,0,0
BRDA:512,64,1,0
BRDA:526,65,0,3
BRDA:526,66,0,4
BRDA:526,66,1,1
BRDA:530,67,0,0
BRDA:537,68,0,0
BRDA:544,69,0,0
BRDA:552,70,0,3
BRDA:552,71,0,11
BRDA:552,71,1,8
BRDA:557,72,0,8
BRDA:562,73,0,0
BRDA:572,74,0,0
BRDA:572,75,0,8
BRDA:572,75,1,0
BRDA:581,76,0,0
BRDA:581,76,1,0
BRDA:581,77,0,0
BRDA:581,77,1,0
BRDA:581,77,2,0
BRDA:600,78,0,0
BRDA:608,79,0,0
BRDA:617,80,0,0
BRDA:617,81,0,2
BRDA:617,81,1,2
BRDA:637,82,0,25
BRDA:637,82,1,12
BRDA:642,83,0,37
BRDA:642,83,1,0
BRDA:642,83,2,0
BRDA:663,84,0,37
BRDA:663,84,1,3
BRF:129
BRH:28
end_of_record
TN:
SF:src/components/DrawingOverlay.tsx
FN:39,createAnnotation
FN:90,(anonymous_10)
FN:91,(anonymous_11)
FN:114,renderCanvas
FN:158,(anonymous_13)
FN:175,(anonymous_14)
FN:184,(anonymous_15)
FN:202,(anonymous_16)
FN:213,(anonymous_17)
FN:226,(anonymous_18)
FN:233,(anonymous_19)
FN:237,(anonymous_20)
FN:256,(anonymous_21)
FN:265,(anonymous_22)
FN:291,(anonymous_23)
FN:295,(anonymous_24)
FN:299,(anonymous_25)
FN:352,(anonymous_26)
FNF:18
FNH:17
FNDA:4,createAnnotation
FNDA:4,(anonymous_10)
FNDA:4,(anonymous_11)
FNDA:0,renderCanvas
FNDA:47,(anonymous_13)
FNDA:14,(anonymous_14)
FNDA:41,(anonymous_15)
FNDA:16,(anonymous_16)
FNDA:4,(anonymous_17)
FNDA:6,(anonymous_18)
FNDA:3,(anonymous_19)
FNDA:4,(anonymous_20)
FNDA:2,(anonymous_21)
FNDA:2,(anonymous_22)
FNDA:13,(anonymous_23)
FNDA:235,(anonymous_24)
FNDA:13,(anonymous_25)
FNDA:2,(anonymous_26)
DA:1,1
DA:46,4
DA:48,4
DA:49,4
DA:51,4
DA:52,2
DA:53,2
DA:54,2
DA:55,2
DA:57,2
DA:67,2
DA:68,1
DA:69,1
DA:70,1
DA:71,1
DA:73,1
DA:89,1
DA:90,4
DA:91,4
DA:92,1
DA:93,1
DA:94,1
DA:95,1
DA:97,1
DA:110,0
DA:115,0
DA:118,0
DA:121,0
DA:122,0
DA:123,0
DA:125,0
DA:126,0
DA:127,0
DA:128,0
DA:129,0
DA:130,0
DA:131,0
DA:132,0
DA:133,0
DA:134,0
DA:135,0
DA:136,0
DA:137,0
DA:138,0
DA:139,0
DA:140,0
DA:141,0
DA:146,0
DA:147,0
DA:148,0
DA:149,0
DA:150,0
DA:151,0
DA:152,0
DA:154,0
DA:158,1
DA:165,47
DA:166,47
DA:167,47
DA:168,47
DA:169,47
DA:170,47
DA:171,47
DA:172,47
DA:173,47
DA:175,47
DA:176,14
DA:177,14
DA:179,14
DA:180,14
DA:184,47
DA:185,41
DA:186,41
DA:188,41
DA:189,41
DA:191,0
DA:202,47
DA:203,16
DA:204,16
DA:206,16
DA:207,16
DA:213,47
DA:214,4
DA:216,4
DA:217,4
DA:218,4
DA:219,4
DA:221,4
DA:222,1
DA:226,47
DA:227,6
DA:229,6
DA:230,6
DA:232,6
DA:233,3
DA:237,47
DA:238,4
DA:240,4
DA:241,4
DA:243,4
DA:244,4
DA:247,4
DA:248,1
DA:251,4
DA:252,4
DA:253,4
DA:256,47
DA:257,2
DA:258,2
DA:259,2
DA:260,2
DA:261,2
DA:265,47
DA:266,2
DA:267,1
DA:280,1
DA:281,1
DA:282,1
DA:283,1
DA:284,1
DA:285,1
DA:286,1
DA:287,1
DA:291,47
DA:292,13
DA:295,47
DA:296,235
DA:299,13
DA:313,47
DA:352,2
DA:372,1
LF:131
LH:99
BRDA:46,0,0,0
BRDA:51,1,0,2
BRDA:51,2,0,4
BRDA:51,2,1,3
BRDA:67,3,0,1
BRDA:89,4,0,1
BRDA:89,5,0,1
BRDA:89,5,1,1
BRDA:121,6,0,0
BRDA:121,7,0,0
BRDA:121,7,1,0
BRDA:121,7,2,0
BRDA:125,8,0,0
BRDA:125,8,1,0
BRDA:129,9,0,0
BRDA:129,9,1,0
BRDA:137,10,0,0
BRDA:146,11,0,0
BRDA:146,12,0,0
BRDA:146,12,1,0
BRDA:161,13,0,47
BRDA:163,14,0,47
BRDA:177,15,0,0
BRDA:186,16,0,0
BRDA:189,17,0,41
BRDA:204,18,0,0
BRDA:214,19,0,0
BRDA:214,20,0,4
BRDA:214,20,1,4
BRDA:221,21,0,1
BRDA:227,22,0,0
BRDA:227,23,0,6
BRDA:227,23,1,6
BRDA:232,24,0,3
BRDA:238,25,0,0
BRDA:238,26,0,4
BRDA:238,26,1,4
BRDA:243,27,0,4
BRDA:247,28,0,1
BRDA:257,29,0,2
BRDA:257,30,0,2
BRDA:257,30,1,2
BRDA:266,31,0,1
BRDA:266,31,1,1
BRDA:266,32,0,2
BRDA:266,32,1,1
BRDA:266,32,2,1
BRDA:284,33,0,1
BRDA:303,34,0,33
BRDA:303,34,1,202
BRDA:304,35,0,33
BRDA:304,35,1,202
BRDA:316,36,0,47
BRDA:316,36,1,47
BRDA:342,37,0,33
BRDA:342,37,1,14
BRDA:347,38,0,47
BRDA:347,38,1,4
BRDA:347,38,2,4
BRF:59
BRH:40
end_of_record
TN:
SF:src/components/PdfPagination.tsx
FN:9,(anonymous_9)
FN:12,(anonymous_10)
FN:13,(anonymous_11)
FN:20,(anonymous_12)
FN:21,(anonymous_13)
FNF:5
FNH:5
FNDA:4,(anonymous_9)
FNDA:1,(anonymous_10)
FNDA:1,(anonymous_11)
FNDA:1,(anonymous_12)
FNDA:1,(anonymous_13)
DA:1,1
DA:9,1
DA:10,4
DA:12,4
DA:13,1
DA:14,1
DA:15,1
DA:16,1
DA:20,4
DA:21,1
DA:22,1
DA:23,1
DA:24,1
DA:28,4
DA:41,1
LF:15
LH:15
BRDA:9,0,0,0
BRF:1
BRH:0
end_of_record
TN:
SF:src/components/PdfViewer.tsx
FN:9,(anonymous_9)
FN:16,(anonymous_10)
FN:19,loadPdf
FN:25,(anonymous_12)
FN:47,(anonymous_13)
FN:53,(anonymous_14)
FN:56,renderPage
FN:82,(anonymous_16)
FNF:8
FNH:8
FNDA:19,(anonymous_9)
FNDA:8,(anonymous_10)
FNDA:8,loadPdf
FNDA:8,(anonymous_12)
FNDA:8,(anonymous_13)
FNDA:12,(anonymous_14)
FNDA:12,renderPage
FNDA:12,(anonymous_16)
DA:1,1
DA:9,1
DA:10,19
DA:11,19
DA:12,19
DA:13,19
DA:16,19
DA:17,8
DA:20,8
DA:21,8
DA:22,8
DA:23,8
DA:25,16
DA:28,8
DA:30,8
DA:31,8
DA:32,4
DA:34,4
DA:35,4
DA:36,4
DA:38,4
DA:39,4
DA:40,4
DA:41,4
DA:45,8
DA:47,8
DA:48,8
DA:53,19
DA:54,12
DA:57,12
DA:59,4
DA:60,4
DA:61,3
DA:63,3
DA:64,3
DA:65,3
DA:67,3
DA:68,3
DA:69,3
DA:70,3
DA:72,0
DA:74,4
DA:75,4
DA:76,4
DA:80,12
DA:82,12
DA:83,12
DA:87,19
DA:96,1
LF:49
LH:48
BRDA:9,0,0,15
BRDA:32,1,0,0
BRDA:38,2,0,0
BRDA:39,3,0,4
BRDA:39,3,1,0
BRDA:57,4,0,8
BRDA:61,5,0,0
BRDA:65,6,0,0
BRDA:70,7,0,3
BRDA:74,8,0,0
BRDA:75,9,0,4
BRDA:75,9,1,0
BRDA:89,10,0,19
BRDA:89,10,1,8
BRDA:90,11,0,19
BRDA:90,11,1,8
BRDA:91,12,0,16
BRDA:91,12,1,3
BRDA:91,13,0,19
BRDA:91,13,1,11
BRF:20
BRH:13
end_of_record
